<?xml version="1.0" encoding="UTF-8"?>
<coverage generated="1756376678030" clover="3.2.0">
  <project timestamp="1756376678030" name="All files">
    <metrics statements="276" coveredstatements="215" conditionals="81" coveredconditionals="53" methods="126" coveredmethods="84" elements="483" coveredelements="352" complexity="0" loc="276" ncloc="276" packages="7" files="23" classes="23"/>
    <package name="src">
      <metrics statements="21" coveredstatements="5" conditionals="8" coveredconditionals="1" methods="6" coveredmethods="2"/>
      <file name="App.js" path="D:\React\Student_Manager\equinox_page\Student_Manager_APP\src\App.js">
        <metrics statements="6" coveredstatements="5" conditionals="4" coveredconditionals="1" methods="4" coveredmethods="2"/>
        <line num="14" count="1" type="stmt"/>
        <line num="16" count="1" type="stmt"/>
        <line num="18" count="1" type="stmt"/>
        <line num="51" count="1" type="stmt"/>
        <line num="52" count="0" type="cond" truecount="0" falsecount="2"/>
        <line num="55" count="1" type="stmt"/>
      </file>
      <file name="babel.config.js" path="D:\React\Student_Manager\equinox_page\Student_Manager_APP\src\babel.config.js">
        <metrics statements="1" coveredstatements="0" conditionals="0" coveredconditionals="0" methods="0" coveredmethods="0"/>
        <line num="1" count="0" type="stmt"/>
      </file>
      <file name="index.js" path="D:\React\Student_Manager\equinox_page\Student_Manager_APP\src\index.js">
        <metrics statements="2" coveredstatements="0" conditionals="0" coveredconditionals="0" methods="0" coveredmethods="0"/>
        <line num="8" count="0" type="stmt"/>
        <line num="19" count="0" type="stmt"/>
      </file>
      <file name="jest.config.js" path="D:\React\Student_Manager\equinox_page\Student_Manager_APP\src\jest.config.js">
        <metrics statements="1" coveredstatements="0" conditionals="0" coveredconditionals="0" methods="0" coveredmethods="0"/>
        <line num="1" count="0" type="stmt"/>
      </file>
      <file name="jest.setup.js" path="D:\React\Student_Manager\equinox_page\Student_Manager_APP\src\jest.setup.js">
        <metrics statements="3" coveredstatements="0" conditionals="0" coveredconditionals="0" methods="0" coveredmethods="0"/>
        <line num="2" count="0" type="stmt"/>
        <line num="4" count="0" type="stmt"/>
        <line num="5" count="0" type="stmt"/>
      </file>
      <file name="reportWebVitals.js" path="D:\React\Student_Manager\equinox_page\Student_Manager_APP\src\reportWebVitals.js">
        <metrics statements="8" coveredstatements="0" conditionals="4" coveredconditionals="0" methods="2" coveredmethods="0"/>
        <line num="1" count="0" type="stmt"/>
        <line num="2" count="0" type="cond" truecount="0" falsecount="4"/>
        <line num="3" count="0" type="stmt"/>
        <line num="4" count="0" type="stmt"/>
        <line num="5" count="0" type="stmt"/>
        <line num="6" count="0" type="stmt"/>
        <line num="7" count="0" type="stmt"/>
        <line num="8" count="0" type="stmt"/>
      </file>
    </package>
    <package name="src.api">
      <metrics statements="10" coveredstatements="10" conditionals="0" coveredconditionals="0" methods="6" coveredmethods="1"/>
      <file name="StudentAPI.jsx" path="D:\React\Student_Manager\equinox_page\Student_Manager_APP\src\api\StudentAPI.jsx">
        <metrics statements="10" coveredstatements="10" conditionals="0" coveredconditionals="0" methods="6" coveredmethods="1"/>
        <line num="2" count="3" type="stmt"/>
        <line num="4" count="3" type="stmt"/>
        <line num="5" count="3" type="stmt"/>
        <line num="6" count="3" type="stmt"/>
        <line num="8" count="3" type="stmt"/>
        <line num="9" count="3" type="stmt"/>
        <line num="10" count="3" type="stmt"/>
        <line num="12" count="3" type="stmt"/>
        <line num="13" count="3" type="stmt"/>
        <line num="14" count="3" type="stmt"/>
      </file>
    </package>
    <package name="src.components">
      <metrics statements="27" coveredstatements="24" conditionals="15" coveredconditionals="15" methods="14" coveredmethods="11"/>
      <file name="Layout.jsx" path="D:\React\Student_Manager\equinox_page\Student_Manager_APP\src\components\Layout.jsx">
        <metrics statements="1" coveredstatements="1" conditionals="0" coveredconditionals="0" methods="1" coveredmethods="1"/>
        <line num="6" count="1" type="stmt"/>
      </file>
      <file name="MenuBar.jsx" path="D:\React\Student_Manager\equinox_page\Student_Manager_APP\src\components\MenuBar.jsx">
        <metrics statements="13" coveredstatements="11" conditionals="9" coveredconditionals="9" methods="7" coveredmethods="5"/>
        <line num="21" count="14" type="stmt"/>
        <line num="22" count="14" type="stmt"/>
        <line num="24" count="14" type="stmt"/>
        <line num="25" count="3" type="stmt"/>
        <line num="26" count="3" type="cond" truecount="2" falsecount="0"/>
        <line num="29" count="14" type="stmt"/>
        <line num="35" count="4" type="stmt"/>
        <line num="40" count="0" type="stmt"/>
        <line num="42" count="33" type="stmt"/>
        <line num="44" count="33" type="stmt"/>
        <line num="46" count="0" type="stmt"/>
        <line num="50" count="33" type="stmt"/>
        <line num="59" count="3" type="stmt"/>
      </file>
      <file name="Navbar.jsx" path="D:\React\Student_Manager\equinox_page\Student_Manager_APP\src\components\Navbar.jsx">
        <metrics statements="11" coveredstatements="10" conditionals="4" coveredconditionals="4" methods="5" coveredmethods="4"/>
        <line num="11" count="6" type="stmt"/>
        <line num="12" count="6" type="stmt"/>
        <line num="15" count="6" type="stmt"/>
        <line num="16" count="1" type="stmt"/>
        <line num="17" count="1" type="stmt"/>
        <line num="18" count="1" type="stmt"/>
        <line num="21" count="6" type="stmt"/>
        <line num="22" count="0" type="stmt"/>
        <line num="26" count="6" type="stmt"/>
        <line num="80" count="1" type="stmt"/>
        <line num="86" count="1" type="stmt"/>
      </file>
      <file name="PrivateRoute.jsx" path="D:\React\Student_Manager\equinox_page\Student_Manager_APP\src\components\PrivateRoute.jsx">
        <metrics statements="2" coveredstatements="2" conditionals="2" coveredconditionals="2" methods="1" coveredmethods="1"/>
        <line num="5" count="2" type="stmt"/>
        <line num="6" count="2" type="cond" truecount="2" falsecount="0"/>
      </file>
    </package>
    <package name="src.equipment">
      <metrics statements="114" coveredstatements="90" conditionals="42" coveredconditionals="26" methods="50" coveredmethods="35"/>
      <file name="EquipmentCorosuel.jsx" path="D:\React\Student_Manager\equinox_page\Student_Manager_APP\src\equipment\EquipmentCorosuel.jsx">
        <metrics statements="18" coveredstatements="13" conditionals="0" coveredconditionals="0" methods="7" coveredmethods="4"/>
        <line num="25" count="3" type="stmt"/>
        <line num="26" count="3" type="stmt"/>
        <line num="27" count="3" type="stmt"/>
        <line num="28" count="3" type="stmt"/>
        <line num="32" count="3" type="stmt"/>
        <line num="33" count="2" type="stmt"/>
        <line num="35" count="2" type="stmt"/>
        <line num="36" count="2" type="stmt"/>
        <line num="38" count="0" type="stmt"/>
        <line num="42" count="3" type="stmt"/>
        <line num="43" count="0" type="stmt"/>
        <line num="44" count="0" type="stmt"/>
        <line num="47" count="3" type="stmt"/>
        <line num="48" count="0" type="stmt"/>
        <line num="49" count="0" type="stmt"/>
        <line num="53" count="3" type="stmt"/>
        <line num="65" count="3" type="stmt"/>
        <line num="74" count="2" type="stmt"/>
      </file>
      <file name="EquipmentHeader.jsx" path="D:\React\Student_Manager\equinox_page\Student_Manager_APP\src\equipment\EquipmentHeader.jsx">
        <metrics statements="4" coveredstatements="4" conditionals="14" coveredconditionals="7" methods="1" coveredmethods="1"/>
        <line num="91" count="1" type="stmt"/>
        <line num="92" count="1" type="stmt"/>
        <line num="93" count="1" type="stmt"/>
        <line num="95" count="1" type="stmt"/>
      </file>
      <file name="EquipmentTable.jsx" path="D:\React\Student_Manager\equinox_page\Student_Manager_APP\src\equipment\EquipmentTable.jsx">
        <metrics statements="48" coveredstatements="45" conditionals="24" coveredconditionals="19" methods="20" coveredmethods="18"/>
        <line num="21" count="15" type="stmt"/>
        <line num="22" count="15" type="stmt"/>
        <line num="23" count="15" type="stmt"/>
        <line num="24" count="15" type="stmt"/>
        <line num="25" count="15" type="stmt"/>
        <line num="26" count="15" type="stmt"/>
        <line num="28" count="15" type="stmt"/>
        <line num="29" count="5" type="stmt"/>
        <line num="30" count="5" type="stmt"/>
        <line num="31" count="5" type="stmt"/>
        <line num="36" count="5" type="stmt"/>
        <line num="37" count="5" type="stmt"/>
        <line num="39" count="5" type="stmt"/>
        <line num="44" count="8" type="stmt"/>
        <line num="56" count="9" type="stmt"/>
        <line num="57" count="9" type="stmt"/>
        <line num="59" count="1" type="stmt"/>
        <line num="89" count="9" type="stmt"/>
        <line num="107" count="1" type="stmt"/>
        <line num="121" count="1" type="stmt"/>
        <line num="138" count="5" type="stmt"/>
        <line num="139" count="5" type="stmt"/>
        <line num="141" count="0" type="stmt"/>
        <line num="145" count="5" type="stmt"/>
        <line num="148" count="15" type="stmt"/>
        <line num="149" count="1" type="stmt"/>
        <line num="150" count="1" type="stmt"/>
        <line num="151" count="1" type="stmt"/>
        <line num="152" count="1" type="stmt"/>
        <line num="155" count="15" type="stmt"/>
        <line num="156" count="1" type="cond" truecount="3" falsecount="1"/>
        <line num="158" count="1" type="stmt"/>
        <line num="159" count="1" type="stmt"/>
        <line num="160" count="2" type="cond" truecount="2" falsecount="0"/>
        <line num="161" count="1" type="stmt"/>
        <line num="162" count="1" type="cond" truecount="1" falsecount="1"/>
        <line num="166" count="1" type="stmt"/>
        <line num="170" count="1" type="stmt"/>
        <line num="171" count="1" type="stmt"/>
        <line num="172" count="1" type="stmt"/>
        <line num="175" count="15" type="stmt"/>
        <line num="178" count="20" type="stmt"/>
        <line num="179" count="150" type="stmt"/>
        <line num="182" count="20" type="stmt"/>
        <line num="196" count="3" type="cond" truecount="2" falsecount="0"/>
        <line num="235" count="0" type="stmt"/>
        <line num="237" count="0" type="stmt"/>
        <line num="238" count="1" type="stmt"/>
      </file>
      <file name="FilterBar.jsx" path="D:\React\Student_Manager\equinox_page\Student_Manager_APP\src\equipment\FilterBar.jsx">
        <metrics statements="44" coveredstatements="28" conditionals="4" coveredconditionals="0" methods="22" coveredmethods="12"/>
        <line num="33" count="17" type="stmt"/>
        <line num="34" count="17" type="stmt"/>
        <line num="36" count="17" type="stmt"/>
        <line num="37" count="17" type="stmt"/>
        <line num="39" count="17" type="stmt"/>
        <line num="40" count="1" type="stmt"/>
        <line num="47" count="17" type="stmt"/>
        <line num="48" count="1" type="stmt"/>
        <line num="49" count="1" type="stmt"/>
        <line num="50" count="1" type="stmt"/>
        <line num="52" count="1" type="stmt"/>
        <line num="53" count="1" type="stmt"/>
        <line num="55" count="1" type="stmt"/>
        <line num="56" count="1" type="stmt"/>
        <line num="60" count="17" type="stmt"/>
        <line num="61" count="0" type="stmt"/>
        <line num="63" count="0" type="stmt"/>
        <line num="64" count="0" type="stmt"/>
        <line num="67" count="0" type="stmt"/>
        <line num="70" count="0" type="stmt"/>
        <line num="71" count="0" type="stmt"/>
        <line num="72" count="0" type="stmt"/>
        <line num="75" count="0" type="stmt"/>
        <line num="78" count="0" type="stmt"/>
        <line num="79" count="0" type="stmt"/>
        <line num="83" count="17" type="stmt"/>
        <line num="84" count="1" type="stmt"/>
        <line num="87" count="1" type="stmt"/>
        <line num="88" count="1" type="stmt"/>
        <line num="91" count="17" type="stmt"/>
        <line num="116" count="2" type="stmt"/>
        <line num="128" count="3" type="stmt"/>
        <line num="137" count="0" type="stmt"/>
        <line num="164" count="119" type="stmt"/>
        <line num="170" count="1" type="stmt"/>
        <line num="192" count="136" type="stmt"/>
        <line num="198" count="0" type="stmt"/>
        <line num="207" count="0" type="stmt"/>
        <line num="215" count="0" type="stmt"/>
        <line num="218" count="1" type="stmt"/>
        <line num="225" count="0" type="stmt"/>
        <line num="234" count="1" type="stmt"/>
        <line num="242" count="1" type="stmt"/>
        <line num="248" count="0" type="stmt"/>
      </file>
    </package>
    <package name="src.features.students">
      <metrics statements="50" coveredstatements="40" conditionals="4" coveredconditionals="3" methods="28" coveredmethods="18"/>
      <file name="StudentForm.jsx" path="D:\React\Student_Manager\equinox_page\Student_Manager_APP\src\features\students\StudentForm.jsx">
        <metrics statements="12" coveredstatements="12" conditionals="2" coveredconditionals="2" methods="6" coveredmethods="6"/>
        <line num="17" count="1" type="stmt"/>
        <line num="20" count="7" type="stmt"/>
        <line num="21" count="7" type="stmt"/>
        <line num="29" count="7" type="stmt"/>
        <line num="30" count="1" type="stmt"/>
        <line num="31" count="1" type="stmt"/>
        <line num="32" count="1" type="stmt"/>
        <line num="35" count="7" type="stmt"/>
        <line num="65" count="11" type="stmt"/>
        <line num="79" count="11" type="stmt"/>
        <line num="94" count="11" type="stmt"/>
        <line num="99" count="33" type="stmt"/>
      </file>
      <file name="StudentTable.jsx" path="D:\React\Student_Manager\equinox_page\Student_Manager_APP\src\features\students\StudentTable.jsx">
        <metrics statements="38" coveredstatements="28" conditionals="2" coveredconditionals="1" methods="22" coveredmethods="12"/>
        <line num="19" count="1" type="stmt"/>
        <line num="20" count="1" type="stmt"/>
        <line num="21" count="1" type="stmt"/>
        <line num="22" count="1" type="stmt"/>
        <line num="23" count="1" type="stmt"/>
        <line num="24" count="1" type="stmt"/>
        <line num="27" count="1" type="stmt"/>
        <line num="28" count="2" type="stmt"/>
        <line num="29" count="1" type="stmt"/>
        <line num="31" count="1" type="stmt"/>
        <line num="32" count="1" type="stmt"/>
        <line num="36" count="1" type="cond" truecount="1" falsecount="1"/>
        <line num="38" count="0" type="stmt"/>
        <line num="40" count="1" type="stmt"/>
        <line num="47" count="2" type="stmt"/>
        <line num="51" count="0" type="stmt"/>
        <line num="66" count="2" type="stmt"/>
        <line num="70" count="0" type="stmt"/>
        <line num="71" count="0" type="stmt"/>
        <line num="72" count="0" type="stmt"/>
        <line num="83" count="1" type="stmt"/>
        <line num="84" count="4" type="stmt"/>
        <line num="87" count="1" type="stmt"/>
        <line num="88" count="0" type="stmt"/>
        <line num="94" count="1" type="stmt"/>
        <line num="95" count="1" type="stmt"/>
        <line num="97" count="1" type="stmt"/>
        <line num="98" count="4" type="stmt"/>
        <line num="101" count="1" type="stmt"/>
        <line num="122" count="3" type="stmt"/>
        <line num="133" count="4" type="stmt"/>
        <line num="141" count="4" type="stmt"/>
        <line num="143" count="4" type="stmt"/>
        <line num="167" count="2" type="stmt"/>
        <line num="180" count="0" type="stmt"/>
        <line num="192" count="0" type="stmt"/>
        <line num="197" count="0" type="stmt"/>
        <line num="198" count="0" type="stmt"/>
      </file>
    </package>
    <package name="src.pages">
      <metrics statements="31" coveredstatements="29" conditionals="12" coveredconditionals="8" methods="10" coveredmethods="9"/>
      <file name="EquipmentPage.jsx" path="D:\React\Student_Manager\equinox_page\Student_Manager_APP\src\pages\EquipmentPage.jsx">
        <metrics statements="4" coveredstatements="4" conditionals="0" coveredconditionals="0" methods="1" coveredmethods="1"/>
        <line num="8" count="1" type="stmt"/>
        <line num="23" count="1" type="stmt"/>
        <line num="24" count="1" type="stmt"/>
        <line num="26" count="1" type="stmt"/>
      </file>
      <file name="Login.jsx" path="D:\React\Student_Manager\equinox_page\Student_Manager_APP\src\pages\Login.jsx">
        <metrics statements="18" coveredstatements="17" conditionals="4" coveredconditionals="4" methods="5" coveredmethods="5"/>
        <line num="8" count="9" type="stmt"/>
        <line num="9" count="9" type="stmt"/>
        <line num="11" count="9" type="stmt"/>
        <line num="12" count="2" type="stmt"/>
        <line num="13" count="2" type="stmt"/>
        <line num="14" count="2" type="stmt"/>
        <line num="15" count="1" type="cond" truecount="2" falsecount="0"/>
        <line num="17" count="2" type="cond" truecount="2" falsecount="0"/>
        <line num="18" count="1" type="stmt"/>
        <line num="19" count="1" type="stmt"/>
        <line num="20" count="1" type="stmt"/>
        <line num="21" count="1" type="stmt"/>
        <line num="23" count="1" type="stmt"/>
        <line num="24" count="1" type="stmt"/>
        <line num="27" count="0" type="stmt"/>
        <line num="31" count="9" type="stmt"/>
        <line num="62" count="16" type="stmt"/>
        <line num="81" count="16" type="stmt"/>
      </file>
      <file name="StudentDetails.jsx" path="D:\React\Student_Manager\equinox_page\Student_Manager_APP\src\pages\StudentDetails.jsx">
        <metrics statements="8" coveredstatements="7" conditionals="8" coveredconditionals="4" methods="3" coveredmethods="2"/>
        <line num="15" count="3" type="stmt"/>
        <line num="16" count="3" type="stmt"/>
        <line num="18" count="3" type="cond" truecount="2" falsecount="0"/>
        <line num="19" count="2" type="stmt"/>
        <line num="24" count="1" type="stmt"/>
        <line num="31" count="1" type="stmt"/>
        <line num="33" count="1" type="stmt"/>
        <line num="48" count="0" type="stmt"/>
      </file>
      <file name="StudentPage.jsx" path="D:\React\Student_Manager\equinox_page\Student_Manager_APP\src\pages\StudentPage.jsx">
        <metrics statements="1" coveredstatements="1" conditionals="0" coveredconditionals="0" methods="1" coveredmethods="1"/>
        <line num="8" count="1" type="stmt"/>
      </file>
    </package>
    <package name="src.store">
      <metrics statements="23" coveredstatements="17" conditionals="0" coveredconditionals="0" methods="12" coveredmethods="8"/>
      <file name="StudentSlice.jsx" path="D:\React\Student_Manager\equinox_page\Student_Manager_APP\src\store\StudentSlice.jsx">
        <metrics statements="22" coveredstatements="16" conditionals="0" coveredconditionals="0" methods="12" coveredmethods="8"/>
        <line num="4" count="3" type="stmt"/>
        <line num="5" count="2" type="stmt"/>
        <line num="6" count="1" type="stmt"/>
        <line num="9" count="3" type="stmt"/>
        <line num="10" count="1" type="stmt"/>
        <line num="11" count="1" type="stmt"/>
        <line num="14" count="3" type="stmt"/>
        <line num="15" count="1" type="stmt"/>
        <line num="16" count="1" type="stmt"/>
        <line num="19" count="3" type="stmt"/>
        <line num="20" count="0" type="stmt"/>
        <line num="21" count="0" type="stmt"/>
        <line num="24" count="3" type="stmt"/>
        <line num="27" count="0" type="stmt"/>
        <line num="28" count="0" type="stmt"/>
        <line num="33" count="3" type="stmt"/>
        <line num="42" count="3" type="stmt"/>
        <line num="44" count="1" type="stmt"/>
        <line num="47" count="1" type="stmt"/>
        <line num="50" count="2" type="stmt"/>
        <line num="53" count="0" type="stmt"/>
        <line num="56" count="0" type="stmt"/>
      </file>
      <file name="store.jsx" path="D:\React\Student_Manager\equinox_page\Student_Manager_APP\src\store\store.jsx">
        <metrics statements="1" coveredstatements="1" conditionals="0" coveredconditionals="0" methods="0" coveredmethods="0"/>
        <line num="4" count="1" type="stmt"/>
      </file>
    </package>
  </project>
</coverage>
