{"D:\\React\\Student_Manager\\equinox_page\\Student_Manager_APP\\src\\App.js": {"path":"D:\\React\\Student_Manager\\equinox_page\\Student_Manager_APP\\src\\App.js","statementMap":{"0":{"start":{"line":14,"column":26},"end":{"line":14,"column":43}},"1":{"start":{"line":16,"column":16},"end":{"line":49,"column":3}},"2":{"start":{"line":18,"column":6},"end":{"line":47,"column":8}},"3":{"start":{"line":51,"column":22},"end":{"line":53,"column":3}},"4":{"start":{"line":52,"column":4},"end":{"line":52,"column":61}},"5":{"start":{"line":52,"column":23},"end":{"line":52,"column":58}},"6":{"start":{"line":55,"column":2},"end":{"line":105,"column":4}}},"fnMap":{"0":{"name":"App","decl":{"start":{"line":13,"column":24},"end":{"line":13,"column":27}},"loc":{"start":{"line":13,"column":30},"end":{"line":106,"column":1}},"line":13},"1":{"name":"(anonymous_1)","decl":{"start":{"line":17,"column":4},"end":{"line":17,"column":5}},"loc":{"start":{"line":18,"column":6},"end":{"line":47,"column":8}},"line":18},"2":{"name":"(anonymous_2)","decl":{"start":{"line":51,"column":22},"end":{"line":51,"column":23}},"loc":{"start":{"line":51,"column":28},"end":{"line":53,"column":3}},"line":51},"3":{"name":"(anonymous_3)","decl":{"start":{"line":52,"column":12},"end":{"line":52,"column":13}},"loc":{"start":{"line":52,"column":23},"end":{"line":52,"column":58}},"line":52}},"branchMap":{"0":{"loc":{"start":{"line":21,"column":14},"end":{"line":45,"column":15}},"type":"cond-expr","locations":[{"start":{"line":22,"column":14},"end":{"line":33,"column":15}},{"start":{"line":34,"column":14},"end":{"line":45,"column":15}}],"line":21},"1":{"loc":{"start":{"line":52,"column":23},"end":{"line":52,"column":58}},"type":"cond-expr","locations":[{"start":{"line":52,"column":42},"end":{"line":52,"column":48}},{"start":{"line":52,"column":51},"end":{"line":52,"column":58}}],"line":52}},"s":{"0":1,"1":1,"2":1,"3":1,"4":0,"5":0,"6":1},"f":{"0":1,"1":1,"2":0,"3":0},"b":{"0":[0,1],"1":[0,0]},"_coverageSchema":"1a1c01bbd47fc00a2c39e90264f33305004495a9","hash":"a00af5cee4e1d26a3caa1a747761169d4ead311c"}
,"D:\\React\\Student_Manager\\equinox_page\\Student_Manager_APP\\src\\babel.config.js": {"path":"D:\\React\\Student_Manager\\equinox_page\\Student_Manager_APP\\src\\babel.config.js","statementMap":{"0":{"start":{"line":1,"column":0},"end":{"line":3,"column":4}}},"fnMap":{},"branchMap":{},"s":{"0":0},"f":{},"b":{}}
,"D:\\React\\Student_Manager\\equinox_page\\Student_Manager_APP\\src\\index.js": {"path":"D:\\React\\Student_Manager\\equinox_page\\Student_Manager_APP\\src\\index.js","statementMap":{"0":{"start":{"line":8,"column":0},"end":{"line":14,"column":1}},"1":{"start":{"line":19,"column":0},"end":{"line":19,"column":18}}},"fnMap":{},"branchMap":{},"s":{"0":0,"1":0},"f":{},"b":{}}
,"D:\\React\\Student_Manager\\equinox_page\\Student_Manager_APP\\src\\jest.config.js": {"path":"D:\\React\\Student_Manager\\equinox_page\\Student_Manager_APP\\src\\jest.config.js","statementMap":{"0":{"start":{"line":1,"column":0},"end":{"line":17,"column":4}}},"fnMap":{},"branchMap":{},"s":{"0":0},"f":{},"b":{}}
,"D:\\React\\Student_Manager\\equinox_page\\Student_Manager_APP\\src\\jest.setup.js": {"path":"D:\\React\\Student_Manager\\equinox_page\\Student_Manager_APP\\src\\jest.setup.js","statementMap":{"0":{"start":{"line":2,"column":37},"end":{"line":2,"column":52}},"1":{"start":{"line":4,"column":0},"end":{"line":4,"column":33}},"2":{"start":{"line":5,"column":0},"end":{"line":5,"column":33}}},"fnMap":{},"branchMap":{},"s":{"0":0,"1":0,"2":0},"f":{},"b":{}}
,"D:\\React\\Student_Manager\\equinox_page\\Student_Manager_APP\\src\\reportWebVitals.js": {"path":"D:\\React\\Student_Manager\\equinox_page\\Student_Manager_APP\\src\\reportWebVitals.js","statementMap":{"0":{"start":{"line":1,"column":24},"end":{"line":11,"column":1}},"1":{"start":{"line":2,"column":2},"end":{"line":10,"column":3}},"2":{"start":{"line":3,"column":4},"end":{"line":9,"column":7}},"3":{"start":{"line":4,"column":6},"end":{"line":4,"column":26}},"4":{"start":{"line":5,"column":6},"end":{"line":5,"column":26}},"5":{"start":{"line":6,"column":6},"end":{"line":6,"column":26}},"6":{"start":{"line":7,"column":6},"end":{"line":7,"column":26}},"7":{"start":{"line":8,"column":6},"end":{"line":8,"column":27}}},"fnMap":{"0":{"name":"(anonymous_0)","decl":{"start":{"line":1,"column":24},"end":{"line":1,"column":25}},"loc":{"start":{"line":1,"column":39},"end":{"line":11,"column":1}},"line":1},"1":{"name":"(anonymous_1)","decl":{"start":{"line":3,"column":30},"end":{"line":3,"column":31}},"loc":{"start":{"line":3,"column":79},"end":{"line":9,"column":5}},"line":3}},"branchMap":{"0":{"loc":{"start":{"line":2,"column":2},"end":{"line":10,"column":3}},"type":"if","locations":[{"start":{"line":2,"column":2},"end":{"line":10,"column":3}},{"start":{},"end":{}}],"line":2},"1":{"loc":{"start":{"line":2,"column":6},"end":{"line":2,"column":52}},"type":"binary-expr","locations":[{"start":{"line":2,"column":6},"end":{"line":2,"column":17}},{"start":{"line":2,"column":21},"end":{"line":2,"column":52}}],"line":2}},"s":{"0":0,"1":0,"2":0,"3":0,"4":0,"5":0,"6":0,"7":0},"f":{"0":0,"1":0},"b":{"0":[0,0],"1":[0,0]}}
,"D:\\React\\Student_Manager\\equinox_page\\Student_Manager_APP\\src\\api\\StudentAPI.jsx": {"path":"D:\\React\\Student_Manager\\equinox_page\\Student_Manager_APP\\src\\api\\StudentAPI.jsx","statementMap":{"0":{"start":{"line":2,"column":12},"end":{"line":2,"column":44}},"1":{"start":{"line":4,"column":22},"end":{"line":4,"column":55}},"2":{"start":{"line":5,"column":28},"end":{"line":5,"column":66}},"3":{"start":{"line":6,"column":14},"end":{"line":6,"column":43}},"4":{"start":{"line":8,"column":27},"end":{"line":8,"column":47}},"5":{"start":{"line":8,"column":33},"end":{"line":8,"column":47}},"6":{"start":{"line":9,"column":29},"end":{"line":9,"column":60}},"7":{"start":{"line":9,"column":39},"end":{"line":9,"column":60}},"8":{"start":{"line":10,"column":29},"end":{"line":10,"column":65}},"9":{"start":{"line":10,"column":37},"end":{"line":10,"column":65}},"10":{"start":{"line":12,"column":28},"end":{"line":12,"column":58}},"11":{"start":{"line":12,"column":34},"end":{"line":12,"column":58}},"12":{"start":{"line":13,"column":33},"end":{"line":13,"column":69}},"13":{"start":{"line":13,"column":39},"end":{"line":13,"column":69}},"14":{"start":{"line":14,"column":24},"end":{"line":14,"column":46}},"15":{"start":{"line":14,"column":30},"end":{"line":14,"column":46}}},"fnMap":{"0":{"name":"(anonymous_0)","decl":{"start":{"line":8,"column":27},"end":{"line":8,"column":28}},"loc":{"start":{"line":8,"column":33},"end":{"line":8,"column":47}},"line":8},"1":{"name":"(anonymous_1)","decl":{"start":{"line":9,"column":29},"end":{"line":9,"column":30}},"loc":{"start":{"line":9,"column":39},"end":{"line":9,"column":60}},"line":9},"2":{"name":"(anonymous_2)","decl":{"start":{"line":10,"column":29},"end":{"line":10,"column":30}},"loc":{"start":{"line":10,"column":37},"end":{"line":10,"column":65}},"line":10},"3":{"name":"(anonymous_3)","decl":{"start":{"line":12,"column":28},"end":{"line":12,"column":29}},"loc":{"start":{"line":12,"column":34},"end":{"line":12,"column":58}},"line":12},"4":{"name":"(anonymous_4)","decl":{"start":{"line":13,"column":33},"end":{"line":13,"column":34}},"loc":{"start":{"line":13,"column":39},"end":{"line":13,"column":69}},"line":13},"5":{"name":"(anonymous_5)","decl":{"start":{"line":14,"column":24},"end":{"line":14,"column":25}},"loc":{"start":{"line":14,"column":30},"end":{"line":14,"column":46}},"line":14}},"branchMap":{},"s":{"0":3,"1":3,"2":3,"3":3,"4":3,"5":1,"6":3,"7":0,"8":3,"9":0,"10":3,"11":0,"12":3,"13":0,"14":3,"15":0},"f":{"0":1,"1":0,"2":0,"3":0,"4":0,"5":0},"b":{},"_coverageSchema":"1a1c01bbd47fc00a2c39e90264f33305004495a9","hash":"4851049097e2d9c7dc3767c57cdf0b72158ba95c"}
,"D:\\React\\Student_Manager\\equinox_page\\Student_Manager_APP\\src\\components\\Layout.jsx": {"path":"D:\\React\\Student_Manager\\equinox_page\\Student_Manager_APP\\src\\components\\Layout.jsx","statementMap":{"0":{"start":{"line":6,"column":2},"end":{"line":11,"column":4}}},"fnMap":{"0":{"name":"Layout","decl":{"start":{"line":5,"column":24},"end":{"line":5,"column":30}},"loc":{"start":{"line":5,"column":64},"end":{"line":12,"column":1}},"line":5}},"branchMap":{},"s":{"0":1},"f":{"0":1},"b":{},"_coverageSchema":"1a1c01bbd47fc00a2c39e90264f33305004495a9","hash":"8f2b4438849e369ea689050cf05baddc258711b9"}
,"D:\\React\\Student_Manager\\equinox_page\\Student_Manager_APP\\src\\components\\MenuBar.jsx": {"path":"D:\\React\\Student_Manager\\equinox_page\\Student_Manager_APP\\src\\components\\MenuBar.jsx","statementMap":{"0":{"start":{"line":21,"column":34},"end":{"line":21,"column":48}},"1":{"start":{"line":22,"column":15},"end":{"line":22,"column":32}},"2":{"start":{"line":24,"column":23},"end":{"line":27,"column":3}},"3":{"start":{"line":25,"column":4},"end":{"line":25,"column":20}},"4":{"start":{"line":26,"column":4},"end":{"line":26,"column":37}},"5":{"start":{"line":26,"column":19},"end":{"line":26,"column":37}},"6":{"start":{"line":29,"column":2},"end":{"line":68,"column":4}},"7":{"start":{"line":35,"column":24},"end":{"line":35,"column":52}},"8":{"start":{"line":40,"column":59},"end":{"line":40,"column":76}},"9":{"start":{"line":42,"column":28},"end":{"line":42,"column":59}},"10":{"start":{"line":44,"column":12},"end":{"line":47,"column":14}},"11":{"start":{"line":46,"column":30},"end":{"line":46,"column":56}},"12":{"start":{"line":50,"column":10},"end":{"line":64,"column":12}},"13":{"start":{"line":59,"column":35},"end":{"line":59,"column":61}}},"fnMap":{"0":{"name":"MenuBar","decl":{"start":{"line":11,"column":24},"end":{"line":11,"column":31}},"loc":{"start":{"line":20,"column":3},"end":{"line":69,"column":1}},"line":20},"1":{"name":"(anonymous_1)","decl":{"start":{"line":24,"column":23},"end":{"line":24,"column":24}},"loc":{"start":{"line":24,"column":34},"end":{"line":27,"column":3}},"line":24},"2":{"name":"(anonymous_2)","decl":{"start":{"line":35,"column":17},"end":{"line":35,"column":18}},"loc":{"start":{"line":35,"column":24},"end":{"line":35,"column":52}},"line":35},"3":{"name":"(anonymous_3)","decl":{"start":{"line":40,"column":53},"end":{"line":40,"column":54}},"loc":{"start":{"line":40,"column":59},"end":{"line":40,"column":76}},"line":40},"4":{"name":"(anonymous_4)","decl":{"start":{"line":41,"column":21},"end":{"line":41,"column":22}},"loc":{"start":{"line":41,"column":33},"end":{"line":65,"column":9}},"line":41},"5":{"name":"(anonymous_5)","decl":{"start":{"line":46,"column":24},"end":{"line":46,"column":25}},"loc":{"start":{"line":46,"column":30},"end":{"line":46,"column":56}},"line":46},"6":{"name":"(anonymous_6)","decl":{"start":{"line":59,"column":29},"end":{"line":59,"column":30}},"loc":{"start":{"line":59,"column":35},"end":{"line":59,"column":61}},"line":59}},"branchMap":{"0":{"loc":{"start":{"line":16,"column":2},"end":{"line":16,"column":18}},"type":"default-arg","locations":[{"start":{"line":16,"column":13},"end":{"line":16,"column":18}}],"line":16},"1":{"loc":{"start":{"line":18,"column":2},"end":{"line":18,"column":21}},"type":"default-arg","locations":[{"start":{"line":18,"column":17},"end":{"line":18,"column":21}}],"line":18},"2":{"loc":{"start":{"line":19,"column":2},"end":{"line":19,"column":25}},"type":"default-arg","locations":[{"start":{"line":19,"column":20},"end":{"line":19,"column":25}}],"line":19},"3":{"loc":{"start":{"line":26,"column":4},"end":{"line":26,"column":37}},"type":"if","locations":[{"start":{"line":26,"column":4},"end":{"line":26,"column":37}},{"start":{},"end":{}}],"line":26},"4":{"loc":{"start":{"line":52,"column":15},"end":{"line":62,"column":15}},"type":"cond-expr","locations":[{"start":{"line":53,"column":16},"end":{"line":53,"column":76}},{"start":{"line":55,"column":16},"end":{"line":61,"column":19}}],"line":52},"5":{"loc":{"start":{"line":56,"column":19},"end":{"line":56,"column":43}},"type":"binary-expr","locations":[{"start":{"line":56,"column":19},"end":{"line":56,"column":31}},{"start":{"line":56,"column":35},"end":{"line":56,"column":43}}],"line":56}},"s":{"0":14,"1":14,"2":14,"3":3,"4":3,"5":2,"6":14,"7":4,"8":0,"9":33,"10":33,"11":0,"12":33,"13":3},"f":{"0":14,"1":3,"2":4,"3":0,"4":33,"5":0,"6":3},"b":{"0":[6],"1":[14],"2":[13],"3":[2,1],"4":[4,29],"5":[29,29]},"_coverageSchema":"1a1c01bbd47fc00a2c39e90264f33305004495a9","hash":"0447eb7c98bebfd5180bc7f95e07ece2377b8496"}
,"D:\\React\\Student_Manager\\equinox_page\\Student_Manager_APP\\src\\components\\Navbar.jsx": {"path":"D:\\React\\Student_Manager\\equinox_page\\Student_Manager_APP\\src\\components\\Navbar.jsx","statementMap":{"0":{"start":{"line":11,"column":19},"end":{"line":11,"column":32}},"1":{"start":{"line":12,"column":38},"end":{"line":12,"column":50}},"2":{"start":{"line":15,"column":23},"end":{"line":19,"column":3}},"3":{"start":{"line":16,"column":4},"end":{"line":16,"column":37}},"4":{"start":{"line":17,"column":4},"end":{"line":17,"column":40}},"5":{"start":{"line":18,"column":4},"end":{"line":18,"column":18}},"6":{"start":{"line":21,"column":23},"end":{"line":24,"column":3}},"7":{"start":{"line":22,"column":4},"end":{"line":22,"column":34}},"8":{"start":{"line":26,"column":2},"end":{"line":127,"column":4}},"9":{"start":{"line":80,"column":23},"end":{"line":80,"column":47}},"10":{"start":{"line":86,"column":23},"end":{"line":86,"column":45}}},"fnMap":{"0":{"name":"Navbar","decl":{"start":{"line":10,"column":9},"end":{"line":10,"column":15}},"loc":{"start":{"line":10,"column":39},"end":{"line":128,"column":1}},"line":10},"1":{"name":"(anonymous_1)","decl":{"start":{"line":15,"column":23},"end":{"line":15,"column":24}},"loc":{"start":{"line":15,"column":29},"end":{"line":19,"column":3}},"line":15},"2":{"name":"(anonymous_2)","decl":{"start":{"line":21,"column":23},"end":{"line":21,"column":24}},"loc":{"start":{"line":21,"column":30},"end":{"line":24,"column":3}},"line":21},"3":{"name":"(anonymous_3)","decl":{"start":{"line":80,"column":17},"end":{"line":80,"column":18}},"loc":{"start":{"line":80,"column":23},"end":{"line":80,"column":47}},"line":80},"4":{"name":"(anonymous_4)","decl":{"start":{"line":86,"column":17},"end":{"line":86,"column":18}},"loc":{"start":{"line":86,"column":23},"end":{"line":86,"column":45}},"line":86}},"branchMap":{"0":{"loc":{"start":{"line":107,"column":12},"end":{"line":107,"column":77}},"type":"cond-expr","locations":[{"start":{"line":107,"column":31},"end":{"line":107,"column":52}},{"start":{"line":107,"column":55},"end":{"line":107,"column":77}}],"line":107},"1":{"loc":{"start":{"line":111,"column":13},"end":{"line":111,"column":68}},"type":"cond-expr","locations":[{"start":{"line":111,"column":32},"end":{"line":111,"column":48}},{"start":{"line":111,"column":51},"end":{"line":111,"column":68}}],"line":111}},"s":{"0":6,"1":6,"2":6,"3":1,"4":1,"5":1,"6":6,"7":0,"8":6,"9":1,"10":1},"f":{"0":6,"1":1,"2":0,"3":1,"4":1},"b":{"0":[5,1],"1":[5,1]},"_coverageSchema":"1a1c01bbd47fc00a2c39e90264f33305004495a9","hash":"7cfc46dd066b18d2743142cd02aae2452d417f8a"}
,"D:\\React\\Student_Manager\\equinox_page\\Student_Manager_APP\\src\\components\\PrivateRoute.jsx": {"path":"D:\\React\\Student_Manager\\equinox_page\\Student_Manager_APP\\src\\components\\PrivateRoute.jsx","statementMap":{"0":{"start":{"line":5,"column":16},"end":{"line":5,"column":45}},"1":{"start":{"line":6,"column":2},"end":{"line":6,"column":48}}},"fnMap":{"0":{"name":"PrivateRoute","decl":{"start":{"line":4,"column":24},"end":{"line":4,"column":36}},"loc":{"start":{"line":4,"column":51},"end":{"line":7,"column":1}},"line":4}},"branchMap":{"0":{"loc":{"start":{"line":6,"column":9},"end":{"line":6,"column":47}},"type":"cond-expr","locations":[{"start":{"line":6,"column":17},"end":{"line":6,"column":25}},{"start":{"line":6,"column":28},"end":{"line":6,"column":47}}],"line":6}},"s":{"0":2,"1":2},"f":{"0":2},"b":{"0":[1,1]},"_coverageSchema":"1a1c01bbd47fc00a2c39e90264f33305004495a9","hash":"201a9e10ff0b4e643c1258701c86cdaeb1877497"}
,"D:\\React\\Student_Manager\\equinox_page\\Student_Manager_APP\\src\\equipment\\EquipmentCorosuel.jsx": {"path":"D:\\React\\Student_Manager\\equinox_page\\Student_Manager_APP\\src\\equipment\\EquipmentCorosuel.jsx","statementMap":{"0":{"start":{"line":25,"column":36},"end":{"line":25,"column":48}},"1":{"start":{"line":26,"column":36},"end":{"line":26,"column":48}},"2":{"start":{"line":27,"column":34},"end":{"line":27,"column":48}},"3":{"start":{"line":28,"column":42},"end":{"line":28,"column":56}},"4":{"start":{"line":32,"column":2},"end":{"line":39,"column":9}},"5":{"start":{"line":33,"column":4},"end":{"line":38,"column":67}},"6":{"start":{"line":35,"column":8},"end":{"line":35,"column":31}},"7":{"start":{"line":36,"column":8},"end":{"line":36,"column":31}},"8":{"start":{"line":38,"column":22},"end":{"line":38,"column":65}},"9":{"start":{"line":42,"column":25},"end":{"line":45,"column":3}},"10":{"start":{"line":43,"column":4},"end":{"line":43,"column":37}},"11":{"start":{"line":44,"column":4},"end":{"line":44,"column":26}},"12":{"start":{"line":47,"column":26},"end":{"line":50,"column":3}},"13":{"start":{"line":48,"column":4},"end":{"line":48,"column":22}},"14":{"start":{"line":49,"column":4},"end":{"line":49,"column":26}},"15":{"start":{"line":53,"column":25},"end":{"line":63,"column":3}},"16":{"start":{"line":65,"column":2},"end":{"line":169,"column":4}},"17":{"start":{"line":74,"column":10},"end":{"line":154,"column":17}}},"fnMap":{"0":{"name":"EquipmentCorosuel","decl":{"start":{"line":24,"column":24},"end":{"line":24,"column":41}},"loc":{"start":{"line":24,"column":69},"end":{"line":170,"column":1}},"line":24},"1":{"name":"(anonymous_1)","decl":{"start":{"line":32,"column":12},"end":{"line":32,"column":13}},"loc":{"start":{"line":32,"column":18},"end":{"line":39,"column":3}},"line":32},"2":{"name":"(anonymous_2)","decl":{"start":{"line":34,"column":12},"end":{"line":34,"column":13}},"loc":{"start":{"line":34,"column":21},"end":{"line":37,"column":7}},"line":34},"3":{"name":"(anonymous_3)","decl":{"start":{"line":38,"column":13},"end":{"line":38,"column":14}},"loc":{"start":{"line":38,"column":22},"end":{"line":38,"column":65}},"line":38},"4":{"name":"(anonymous_4)","decl":{"start":{"line":42,"column":25},"end":{"line":42,"column":26}},"loc":{"start":{"line":42,"column":42},"end":{"line":45,"column":3}},"line":42},"5":{"name":"(anonymous_5)","decl":{"start":{"line":47,"column":26},"end":{"line":47,"column":27}},"loc":{"start":{"line":47,"column":32},"end":{"line":50,"column":3}},"line":47},"6":{"name":"(anonymous_6)","decl":{"start":{"line":71,"column":23},"end":{"line":71,"column":24}},"loc":{"start":{"line":74,"column":10},"end":{"line":154,"column":17}},"line":74}},"branchMap":{},"s":{"0":3,"1":3,"2":3,"3":3,"4":3,"5":2,"6":2,"7":2,"8":0,"9":3,"10":0,"11":0,"12":3,"13":0,"14":0,"15":3,"16":3,"17":2},"f":{"0":3,"1":2,"2":2,"3":0,"4":0,"5":0,"6":2},"b":{},"_coverageSchema":"1a1c01bbd47fc00a2c39e90264f33305004495a9","hash":"357db1e06ac738f65da270a51b89059c67f0327e"}
,"D:\\React\\Student_Manager\\equinox_page\\Student_Manager_APP\\src\\equipment\\EquipmentHeader.jsx": {"path":"D:\\React\\Student_Manager\\equinox_page\\Student_Manager_APP\\src\\equipment\\EquipmentHeader.jsx","statementMap":{"0":{"start":{"line":91,"column":16},"end":{"line":91,"column":26}},"1":{"start":{"line":92,"column":24},"end":{"line":92,"column":67}},"2":{"start":{"line":93,"column":25},"end":{"line":93,"column":68}},"3":{"start":{"line":95,"column":2},"end":{"line":161,"column":4}}},"fnMap":{"0":{"name":"EquipmentHeader","decl":{"start":{"line":90,"column":24},"end":{"line":90,"column":39}},"loc":{"start":{"line":90,"column":42},"end":{"line":162,"column":1}},"line":90}},"branchMap":{"0":{"loc":{"start":{"line":99,"column":20},"end":{"line":99,"column":56}},"type":"cond-expr","locations":[{"start":{"line":99,"column":36},"end":{"line":99,"column":45}},{"start":{"line":99,"column":48},"end":{"line":99,"column":56}}],"line":99},"1":{"loc":{"start":{"line":112,"column":19},"end":{"line":112,"column":53}},"type":"cond-expr","locations":[{"start":{"line":112,"column":35},"end":{"line":112,"column":46}},{"start":{"line":112,"column":49},"end":{"line":112,"column":53}}],"line":112},"2":{"loc":{"start":{"line":132,"column":17},"end":{"line":132,"column":72}},"type":"cond-expr","locations":[{"start":{"line":132,"column":33},"end":{"line":132,"column":39}},{"start":{"line":132,"column":42},"end":{"line":132,"column":72}}],"line":132},"3":{"loc":{"start":{"line":132,"column":42},"end":{"line":132,"column":72}},"type":"cond-expr","locations":[{"start":{"line":132,"column":59},"end":{"line":132,"column":64}},{"start":{"line":132,"column":67},"end":{"line":132,"column":72}}],"line":132},"4":{"loc":{"start":{"line":133,"column":17},"end":{"line":133,"column":44}},"type":"cond-expr","locations":[{"start":{"line":133,"column":33},"end":{"line":133,"column":34}},{"start":{"line":133,"column":37},"end":{"line":133,"column":44}}],"line":133},"5":{"loc":{"start":{"line":154,"column":20},"end":{"line":154,"column":51}},"type":"cond-expr","locations":[{"start":{"line":154,"column":36},"end":{"line":154,"column":42}},{"start":{"line":154,"column":45},"end":{"line":154,"column":51}}],"line":154},"6":{"loc":{"start":{"line":155,"column":17},"end":{"line":155,"column":44}},"type":"cond-expr","locations":[{"start":{"line":155,"column":33},"end":{"line":155,"column":34}},{"start":{"line":155,"column":37},"end":{"line":155,"column":44}}],"line":155}},"s":{"0":1,"1":1,"2":1,"3":1},"f":{"0":1},"b":{"0":[0,1],"1":[0,1],"2":[0,1],"3":[0,1],"4":[0,1],"5":[0,1],"6":[0,1]},"_coverageSchema":"1a1c01bbd47fc00a2c39e90264f33305004495a9","hash":"9f2e1d7907b608c95e638df5963e8d7f110828d6"}
,"D:\\React\\Student_Manager\\equinox_page\\Student_Manager_APP\\src\\equipment\\EquipmentTable.jsx": {"path":"D:\\React\\Student_Manager\\equinox_page\\Student_Manager_APP\\src\\equipment\\EquipmentTable.jsx","statementMap":{"0":{"start":{"line":21,"column":30},"end":{"line":21,"column":42}},"1":{"start":{"line":22,"column":40},"end":{"line":22,"column":54}},"2":{"start":{"line":23,"column":34},"end":{"line":23,"column":48}},"3":{"start":{"line":24,"column":44},"end":{"line":24,"column":58}},"4":{"start":{"line":25,"column":50},"end":{"line":25,"column":64}},"5":{"start":{"line":26,"column":19},"end":{"line":26,"column":53}},"6":{"start":{"line":28,"column":2},"end":{"line":146,"column":40}},"7":{"start":{"line":29,"column":22},"end":{"line":143,"column":5}},"8":{"start":{"line":30,"column":6},"end":{"line":142,"column":7}},"9":{"start":{"line":31,"column":42},"end":{"line":34,"column":10}},"10":{"start":{"line":36,"column":8},"end":{"line":36,"column":40}},"11":{"start":{"line":37,"column":8},"end":{"line":37,"column":42}},"12":{"start":{"line":39,"column":29},"end":{"line":135,"column":9}},"13":{"start":{"line":44,"column":31},"end":{"line":44,"column":47}},"14":{"start":{"line":56,"column":35},"end":{"line":56,"column":60}},"15":{"start":{"line":57,"column":18},"end":{"line":81,"column":20}},"16":{"start":{"line":59,"column":38},"end":{"line":59,"column":74}},"17":{"start":{"line":89,"column":18},"end":{"line":98,"column":20}},"18":{"start":{"line":107,"column":31},"end":{"line":107,"column":40}},"19":{"start":{"line":121,"column":18},"end":{"line":130,"column":20}},"20":{"start":{"line":138,"column":8},"end":{"line":138,"column":32}},"21":{"start":{"line":139,"column":8},"end":{"line":139,"column":34}},"22":{"start":{"line":141,"column":8},"end":{"line":141,"column":50}},"23":{"start":{"line":145,"column":4},"end":{"line":145,"column":16}},"24":{"start":{"line":148,"column":25},"end":{"line":153,"column":3}},"25":{"start":{"line":149,"column":4},"end":{"line":149,"column":24}},"26":{"start":{"line":150,"column":4},"end":{"line":150,"column":33}},"27":{"start":{"line":151,"column":4},"end":{"line":151,"column":32}},"28":{"start":{"line":152,"column":4},"end":{"line":152,"column":34}},"29":{"start":{"line":155,"column":29},"end":{"line":173,"column":3}},"30":{"start":{"line":156,"column":4},"end":{"line":156,"column":52}},"31":{"start":{"line":156,"column":45},"end":{"line":156,"column":52}},"32":{"start":{"line":158,"column":4},"end":{"line":168,"column":6}},"33":{"start":{"line":159,"column":6},"end":{"line":167,"column":8}},"34":{"start":{"line":160,"column":8},"end":{"line":160,"column":57}},"35":{"start":{"line":160,"column":44},"end":{"line":160,"column":57}},"36":{"start":{"line":161,"column":28},"end":{"line":165,"column":9}},"37":{"start":{"line":162,"column":10},"end":{"line":164,"column":17}},"38":{"start":{"line":166,"column":8},"end":{"line":166,"column":47}},"39":{"start":{"line":170,"column":4},"end":{"line":170,"column":22}},"40":{"start":{"line":171,"column":4},"end":{"line":171,"column":27}},"41":{"start":{"line":172,"column":4},"end":{"line":172,"column":30}},"42":{"start":{"line":175,"column":2},"end":{"line":243,"column":4}},"43":{"start":{"line":178,"column":27},"end":{"line":180,"column":9}},"44":{"start":{"line":179,"column":19},"end":{"line":179,"column":44}},"45":{"start":{"line":182,"column":8},"end":{"line":228,"column":10}},"46":{"start":{"line":196,"column":16},"end":{"line":196,"column":76}},"47":{"start":{"line":235,"column":23},"end":{"line":235,"column":40}},"48":{"start":{"line":237,"column":33},"end":{"line":237,"column":61}},"49":{"start":{"line":238,"column":33},"end":{"line":238,"column":63}}},"fnMap":{"0":{"name":"EquipmentTable","decl":{"start":{"line":16,"column":24},"end":{"line":16,"column":38}},"loc":{"start":{"line":20,"column":3},"end":{"line":244,"column":1}},"line":20},"1":{"name":"(anonymous_1)","decl":{"start":{"line":28,"column":12},"end":{"line":28,"column":13}},"loc":{"start":{"line":28,"column":18},"end":{"line":146,"column":3}},"line":28},"2":{"name":"(anonymous_2)","decl":{"start":{"line":29,"column":22},"end":{"line":29,"column":23}},"loc":{"start":{"line":29,"column":34},"end":{"line":143,"column":5}},"line":29},"3":{"name":"(anonymous_3)","decl":{"start":{"line":44,"column":22},"end":{"line":44,"column":23}},"loc":{"start":{"line":44,"column":31},"end":{"line":44,"column":47}},"line":44},"4":{"name":"(anonymous_4)","decl":{"start":{"line":55,"column":28},"end":{"line":55,"column":29}},"loc":{"start":{"line":55,"column":40},"end":{"line":82,"column":17}},"line":55},"5":{"name":"(anonymous_5)","decl":{"start":{"line":59,"column":31},"end":{"line":59,"column":32}},"loc":{"start":{"line":59,"column":38},"end":{"line":59,"column":74}},"line":59},"6":{"name":"(anonymous_6)","decl":{"start":{"line":88,"column":28},"end":{"line":88,"column":29}},"loc":{"start":{"line":89,"column":18},"end":{"line":98,"column":20}},"line":89},"7":{"name":"(anonymous_7)","decl":{"start":{"line":107,"column":22},"end":{"line":107,"column":23}},"loc":{"start":{"line":107,"column":31},"end":{"line":107,"column":40}},"line":107},"8":{"name":"(anonymous_8)","decl":{"start":{"line":120,"column":28},"end":{"line":120,"column":29}},"loc":{"start":{"line":121,"column":18},"end":{"line":130,"column":20}},"line":121},"9":{"name":"(anonymous_9)","decl":{"start":{"line":148,"column":25},"end":{"line":148,"column":26}},"loc":{"start":{"line":148,"column":50},"end":{"line":153,"column":3}},"line":148},"10":{"name":"(anonymous_10)","decl":{"start":{"line":155,"column":29},"end":{"line":155,"column":30}},"loc":{"start":{"line":155,"column":41},"end":{"line":173,"column":3}},"line":155},"11":{"name":"(anonymous_11)","decl":{"start":{"line":158,"column":14},"end":{"line":158,"column":15}},"loc":{"start":{"line":159,"column":6},"end":{"line":167,"column":8}},"line":159},"12":{"name":"(anonymous_12)","decl":{"start":{"line":159,"column":21},"end":{"line":159,"column":22}},"loc":{"start":{"line":159,"column":32},"end":{"line":167,"column":7}},"line":159},"13":{"name":"(anonymous_13)","decl":{"start":{"line":161,"column":43},"end":{"line":161,"column":44}},"loc":{"start":{"line":162,"column":10},"end":{"line":164,"column":17}},"line":162},"14":{"name":"(anonymous_14)","decl":{"start":{"line":177,"column":18},"end":{"line":177,"column":19}},"loc":{"start":{"line":177,"column":29},"end":{"line":229,"column":7}},"line":177},"15":{"name":"(anonymous_15)","decl":{"start":{"line":179,"column":10},"end":{"line":179,"column":11}},"loc":{"start":{"line":179,"column":19},"end":{"line":179,"column":44}},"line":179},"16":{"name":"(anonymous_16)","decl":{"start":{"line":195,"column":23},"end":{"line":195,"column":24}},"loc":{"start":{"line":196,"column":16},"end":{"line":196,"column":76}},"line":196},"17":{"name":"(anonymous_17)","decl":{"start":{"line":235,"column":17},"end":{"line":235,"column":18}},"loc":{"start":{"line":235,"column":23},"end":{"line":235,"column":40}},"line":235},"18":{"name":"(anonymous_18)","decl":{"start":{"line":237,"column":27},"end":{"line":237,"column":28}},"loc":{"start":{"line":237,"column":33},"end":{"line":237,"column":61}},"line":237},"19":{"name":"(anonymous_19)","decl":{"start":{"line":238,"column":27},"end":{"line":238,"column":28}},"loc":{"start":{"line":238,"column":33},"end":{"line":238,"column":63}},"line":238}},"branchMap":{"0":{"loc":{"start":{"line":65,"column":37},"end":{"line":65,"column":69}},"type":"cond-expr","locations":[{"start":{"line":65,"column":48},"end":{"line":65,"column":57}},{"start":{"line":65,"column":60},"end":{"line":65,"column":69}}],"line":65},"1":{"loc":{"start":{"line":73,"column":41},"end":{"line":73,"column":73}},"type":"cond-expr","locations":[{"start":{"line":73,"column":52},"end":{"line":73,"column":61}},{"start":{"line":73,"column":64},"end":{"line":73,"column":73}}],"line":73},"2":{"loc":{"start":{"line":156,"column":4},"end":{"line":156,"column":52}},"type":"if","locations":[{"start":{"line":156,"column":4},"end":{"line":156,"column":52}},{"start":{},"end":{}}],"line":156},"3":{"loc":{"start":{"line":156,"column":8},"end":{"line":156,"column":43}},"type":"binary-expr","locations":[{"start":{"line":156,"column":8},"end":{"line":156,"column":22}},{"start":{"line":156,"column":26},"end":{"line":156,"column":43}}],"line":156},"4":{"loc":{"start":{"line":160,"column":8},"end":{"line":160,"column":57}},"type":"if","locations":[{"start":{"line":160,"column":8},"end":{"line":160,"column":57}},{"start":{},"end":{}}],"line":160},"5":{"loc":{"start":{"line":162,"column":10},"end":{"line":164,"column":17}},"type":"cond-expr","locations":[{"start":{"line":163,"column":14},"end":{"line":163,"column":57}},{"start":{"line":164,"column":14},"end":{"line":164,"column":17}}],"line":162},"6":{"loc":{"start":{"line":193,"column":26},"end":{"line":193,"column":54}},"type":"cond-expr","locations":[{"start":{"line":193,"column":37},"end":{"line":193,"column":45}},{"start":{"line":193,"column":48},"end":{"line":193,"column":54}}],"line":193},"7":{"loc":{"start":{"line":196,"column":31},"end":{"line":196,"column":75}},"type":"cond-expr","locations":[{"start":{"line":196,"column":59},"end":{"line":196,"column":63}},{"start":{"line":196,"column":66},"end":{"line":196,"column":75}}],"line":196},"8":{"loc":{"start":{"line":200,"column":15},"end":{"line":204,"column":15}},"type":"cond-expr","locations":[{"start":{"line":201,"column":16},"end":{"line":201,"column":39}},{"start":{"line":203,"column":16},"end":{"line":203,"column":41}}],"line":200},"9":{"loc":{"start":{"line":207,"column":13},"end":{"line":226,"column":13}},"type":"binary-expr","locations":[{"start":{"line":207,"column":13},"end":{"line":207,"column":38}},{"start":{"line":208,"column":14},"end":{"line":225,"column":20}}],"line":207},"10":{"loc":{"start":{"line":208,"column":33},"end":{"line":208,"column":53}},"type":"cond-expr","locations":[{"start":{"line":208,"column":44},"end":{"line":208,"column":47}},{"start":{"line":208,"column":50},"end":{"line":208,"column":53}}],"line":208},"11":{"loc":{"start":{"line":219,"column":30},"end":{"line":219,"column":61}},"type":"cond-expr","locations":[{"start":{"line":219,"column":41},"end":{"line":219,"column":50}},{"start":{"line":219,"column":53},"end":{"line":219,"column":61}}],"line":219}},"s":{"0":15,"1":15,"2":15,"3":15,"4":15,"5":15,"6":15,"7":5,"8":5,"9":5,"10":5,"11":5,"12":5,"13":8,"14":9,"15":9,"16":1,"17":9,"18":1,"19":1,"20":5,"21":5,"22":0,"23":5,"24":15,"25":1,"26":1,"27":1,"28":1,"29":15,"30":1,"31":0,"32":1,"33":1,"34":2,"35":1,"36":1,"37":1,"38":1,"39":1,"40":1,"41":1,"42":15,"43":20,"44":150,"45":20,"46":3,"47":0,"48":0,"49":1},"f":{"0":15,"1":5,"2":5,"3":8,"4":9,"5":1,"6":9,"7":1,"8":1,"9":1,"10":1,"11":1,"12":2,"13":1,"14":20,"15":150,"16":3,"17":0,"18":0,"19":1},"b":{"0":[8,1],"1":[8,1],"2":[0,1],"3":[1,1],"4":[1,1],"5":[1,0],"6":[0,20],"7":[1,2],"8":[9,11],"9":[20,9],"10":[0,9],"11":[0,9]},"_coverageSchema":"1a1c01bbd47fc00a2c39e90264f33305004495a9","hash":"89e14d497596e533c561bc7821c616b4046718c1"}
,"D:\\React\\Student_Manager\\equinox_page\\Student_Manager_APP\\src\\equipment\\FilterBar.jsx": {"path":"D:\\React\\Student_Manager\\equinox_page\\Student_Manager_APP\\src\\equipment\\FilterBar.jsx","statementMap":{"0":{"start":{"line":34,"column":34},"end":{"line":34,"column":48}},"1":{"start":{"line":35,"column":46},"end":{"line":35,"column":60}},"2":{"start":{"line":37,"column":48},"end":{"line":37,"column":63}},"3":{"start":{"line":38,"column":42},"end":{"line":38,"column":75}},"4":{"start":{"line":40,"column":29},"end":{"line":45,"column":3}},"5":{"start":{"line":41,"column":4},"end":{"line":44,"column":8}},"6":{"start":{"line":41,"column":33},"end":{"line":44,"column":5}},"7":{"start":{"line":48,"column":28},"end":{"line":59,"column":3}},"8":{"start":{"line":49,"column":15},"end":{"line":49,"column":36}},"9":{"start":{"line":51,"column":25},"end":{"line":51,"column":62}},"10":{"start":{"line":52,"column":26},"end":{"line":52,"column":64}},"11":{"start":{"line":54,"column":4},"end":{"line":54,"column":70}},"12":{"start":{"line":55,"column":4},"end":{"line":55,"column":65}},"13":{"start":{"line":57,"column":4},"end":{"line":57,"column":46}},"14":{"start":{"line":58,"column":4},"end":{"line":58,"column":28}},"15":{"start":{"line":62,"column":26},"end":{"line":84,"column":3}},"16":{"start":{"line":63,"column":16},"end":{"line":63,"column":27}},"17":{"start":{"line":66,"column":4},"end":{"line":66,"column":40}},"18":{"start":{"line":67,"column":4},"end":{"line":71,"column":7}},"19":{"start":{"line":70,"column":37},"end":{"line":70,"column":55}},"20":{"start":{"line":74,"column":19},"end":{"line":74,"column":48}},"21":{"start":{"line":75,"column":4},"end":{"line":75,"column":38}},"22":{"start":{"line":76,"column":4},"end":{"line":80,"column":7}},"23":{"start":{"line":79,"column":38},"end":{"line":79,"column":56}},"24":{"start":{"line":82,"column":4},"end":{"line":82,"column":35}},"25":{"start":{"line":83,"column":4},"end":{"line":83,"column":28}},"26":{"start":{"line":87,"column":26},"end":{"line":93,"column":3}},"27":{"start":{"line":88,"column":4},"end":{"line":90,"column":6}},"28":{"start":{"line":91,"column":4},"end":{"line":91,"column":30}},"29":{"start":{"line":92,"column":4},"end":{"line":92,"column":28}},"30":{"start":{"line":95,"column":2},"end":{"line":185,"column":4}},"31":{"start":{"line":110,"column":28},"end":{"line":110,"column":56}},"32":{"start":{"line":122,"column":28},"end":{"line":122,"column":62}},"33":{"start":{"line":133,"column":23},"end":{"line":133,"column":40}},"34":{"start":{"line":136,"column":10},"end":{"line":139,"column":21}},"35":{"start":{"line":136,"column":45},"end":{"line":136,"column":68}},"36":{"start":{"line":147,"column":23},"end":{"line":147,"column":46}},"37":{"start":{"line":150,"column":33},"end":{"line":150,"column":57}},"38":{"start":{"line":157,"column":52},"end":{"line":157,"column":77}},"39":{"start":{"line":164,"column":14},"end":{"line":164,"column":70}},"40":{"start":{"line":172,"column":14},"end":{"line":172,"column":75}},"41":{"start":{"line":178,"column":33},"end":{"line":178,"column":58}}},"fnMap":{"0":{"name":"FilterBar","decl":{"start":{"line":28,"column":24},"end":{"line":28,"column":33}},"loc":{"start":{"line":33,"column":3},"end":{"line":186,"column":1}},"line":33},"1":{"name":"(anonymous_1)","decl":{"start":{"line":40,"column":29},"end":{"line":40,"column":30}},"loc":{"start":{"line":40,"column":40},"end":{"line":45,"column":3}},"line":40},"2":{"name":"(anonymous_2)","decl":{"start":{"line":41,"column":22},"end":{"line":41,"column":23}},"loc":{"start":{"line":41,"column":33},"end":{"line":44,"column":5}},"line":41},"3":{"name":"(anonymous_3)","decl":{"start":{"line":48,"column":28},"end":{"line":48,"column":29}},"loc":{"start":{"line":48,"column":34},"end":{"line":59,"column":3}},"line":48},"4":{"name":"(anonymous_4)","decl":{"start":{"line":62,"column":26},"end":{"line":62,"column":27}},"loc":{"start":{"line":62,"column":32},"end":{"line":84,"column":3}},"line":62},"5":{"name":"(anonymous_5)","decl":{"start":{"line":70,"column":28},"end":{"line":70,"column":29}},"loc":{"start":{"line":70,"column":37},"end":{"line":70,"column":55}},"line":70},"6":{"name":"(anonymous_6)","decl":{"start":{"line":79,"column":29},"end":{"line":79,"column":30}},"loc":{"start":{"line":79,"column":38},"end":{"line":79,"column":56}},"line":79},"7":{"name":"(anonymous_7)","decl":{"start":{"line":87,"column":26},"end":{"line":87,"column":27}},"loc":{"start":{"line":87,"column":32},"end":{"line":93,"column":3}},"line":87},"8":{"name":"(anonymous_8)","decl":{"start":{"line":110,"column":21},"end":{"line":110,"column":22}},"loc":{"start":{"line":110,"column":28},"end":{"line":110,"column":56}},"line":110},"9":{"name":"(anonymous_9)","decl":{"start":{"line":122,"column":21},"end":{"line":122,"column":22}},"loc":{"start":{"line":122,"column":28},"end":{"line":122,"column":62}},"line":122},"10":{"name":"(anonymous_10)","decl":{"start":{"line":133,"column":17},"end":{"line":133,"column":18}},"loc":{"start":{"line":133,"column":23},"end":{"line":133,"column":40}},"line":133},"11":{"name":"(anonymous_11)","decl":{"start":{"line":135,"column":41},"end":{"line":135,"column":42}},"loc":{"start":{"line":136,"column":10},"end":{"line":139,"column":21}},"line":136},"12":{"name":"(anonymous_12)","decl":{"start":{"line":136,"column":39},"end":{"line":136,"column":40}},"loc":{"start":{"line":136,"column":45},"end":{"line":136,"column":68}},"line":136},"13":{"name":"(anonymous_13)","decl":{"start":{"line":147,"column":17},"end":{"line":147,"column":18}},"loc":{"start":{"line":147,"column":23},"end":{"line":147,"column":46}},"line":147},"14":{"name":"(anonymous_14)","decl":{"start":{"line":150,"column":27},"end":{"line":150,"column":28}},"loc":{"start":{"line":150,"column":33},"end":{"line":150,"column":57}},"line":150},"15":{"name":"(anonymous_15)","decl":{"start":{"line":157,"column":46},"end":{"line":157,"column":47}},"loc":{"start":{"line":157,"column":52},"end":{"line":157,"column":77}},"line":157},"16":{"name":"(anonymous_16)","decl":{"start":{"line":163,"column":22},"end":{"line":163,"column":23}},"loc":{"start":{"line":164,"column":14},"end":{"line":164,"column":70}},"line":164},"17":{"name":"(anonymous_17)","decl":{"start":{"line":171,"column":22},"end":{"line":171,"column":23}},"loc":{"start":{"line":172,"column":14},"end":{"line":172,"column":75}},"line":172},"18":{"name":"(anonymous_18)","decl":{"start":{"line":178,"column":27},"end":{"line":178,"column":28}},"loc":{"start":{"line":178,"column":33},"end":{"line":178,"column":58}},"line":178}},"branchMap":{"0":{"loc":{"start":{"line":69,"column":25},"end":{"line":69,"column":45}},"type":"binary-expr","locations":[{"start":{"line":69,"column":25},"end":{"line":69,"column":39}},{"start":{"line":69,"column":43},"end":{"line":69,"column":45}}],"line":69},"1":{"loc":{"start":{"line":78,"column":25},"end":{"line":78,"column":46}},"type":"binary-expr","locations":[{"start":{"line":78,"column":25},"end":{"line":78,"column":40}},{"start":{"line":78,"column":44},"end":{"line":78,"column":46}}],"line":78}},"s":{"0":8,"1":8,"2":8,"3":8,"4":8,"5":1,"6":0,"7":8,"8":1,"9":1,"10":1,"11":1,"12":1,"13":1,"14":1,"15":8,"16":0,"17":0,"18":0,"19":0,"20":0,"21":0,"22":0,"23":0,"24":0,"25":0,"26":8,"27":0,"28":0,"29":0,"30":8,"31":1,"32":2,"33":0,"34":16,"35":1,"36":0,"37":0,"38":0,"39":0,"40":0,"41":0},"f":{"0":8,"1":1,"2":0,"3":1,"4":0,"5":0,"6":0,"7":0,"8":1,"9":2,"10":0,"11":16,"12":1,"13":0,"14":0,"15":0,"16":0,"17":0,"18":0},"b":{"0":[0,0],"1":[0,0]},"_coverageSchema":"1a1c01bbd47fc00a2c39e90264f33305004495a9","hash":"33324d7fcb7acc08c49c1b5111fd5bfa34d7f721"}
,"D:\\React\\Student_Manager\\equinox_page\\Student_Manager_APP\\src\\features\\students\\StudentForm.jsx": {"path":"D:\\React\\Student_Manager\\equinox_page\\Student_Manager_APP\\src\\features\\students\\StudentForm.jsx","statementMap":{"0":{"start":{"line":17,"column":15},"end":{"line":17,"column":30}},"1":{"start":{"line":20,"column":19},"end":{"line":20,"column":32}},"2":{"start":{"line":21,"column":43},"end":{"line":27,"column":4}},"3":{"start":{"line":29,"column":19},"end":{"line":33,"column":3}},"4":{"start":{"line":30,"column":4},"end":{"line":30,"column":61}},"5":{"start":{"line":31,"column":4},"end":{"line":31,"column":49}},"6":{"start":{"line":32,"column":4},"end":{"line":32,"column":12}},"7":{"start":{"line":35,"column":2},"end":{"line":125,"column":4}},"8":{"start":{"line":65,"column":10},"end":{"line":71,"column":12}},"9":{"start":{"line":79,"column":10},"end":{"line":86,"column":12}},"10":{"start":{"line":94,"column":10},"end":{"line":109,"column":24}},"11":{"start":{"line":99,"column":16},"end":{"line":101,"column":27}}},"fnMap":{"0":{"name":"StudentForm","decl":{"start":{"line":19,"column":24},"end":{"line":19,"column":35}},"loc":{"start":{"line":19,"column":38},"end":{"line":126,"column":1}},"line":19},"1":{"name":"(anonymous_1)","decl":{"start":{"line":29,"column":19},"end":{"line":29,"column":20}},"loc":{"start":{"line":29,"column":29},"end":{"line":33,"column":3}},"line":29},"2":{"name":"(anonymous_2)","decl":{"start":{"line":64,"column":16},"end":{"line":64,"column":17}},"loc":{"start":{"line":65,"column":10},"end":{"line":71,"column":12}},"line":65},"3":{"name":"(anonymous_3)","decl":{"start":{"line":78,"column":16},"end":{"line":78,"column":17}},"loc":{"start":{"line":79,"column":10},"end":{"line":86,"column":12}},"line":79},"4":{"name":"(anonymous_4)","decl":{"start":{"line":93,"column":16},"end":{"line":93,"column":17}},"loc":{"start":{"line":94,"column":10},"end":{"line":109,"column":24}},"line":94},"5":{"name":"(anonymous_5)","decl":{"start":{"line":98,"column":26},"end":{"line":98,"column":27}},"loc":{"start":{"line":99,"column":16},"end":{"line":101,"column":27}},"line":99}},"branchMap":{"0":{"loc":{"start":{"line":104,"column":13},"end":{"line":108,"column":13}},"type":"binary-expr","locations":[{"start":{"line":104,"column":13},"end":{"line":104,"column":29}},{"start":{"line":105,"column":14},"end":{"line":107,"column":27}}],"line":104}},"s":{"0":1,"1":7,"2":7,"3":7,"4":1,"5":1,"6":1,"7":7,"8":11,"9":11,"10":11,"11":33},"f":{"0":7,"1":1,"2":11,"3":11,"4":11,"5":33},"b":{"0":[11,2]},"_coverageSchema":"1a1c01bbd47fc00a2c39e90264f33305004495a9","hash":"b72b811a795e5d1d32bac1b8dce37ec014a161a8"}
,"D:\\React\\Student_Manager\\equinox_page\\Student_Manager_APP\\src\\features\\students\\StudentTable.jsx": {"path":"D:\\React\\Student_Manager\\equinox_page\\Student_Manager_APP\\src\\features\\students\\StudentTable.jsx","statementMap":{"0":{"start":{"line":19,"column":20},"end":{"line":19,"column":42}},"1":{"start":{"line":20,"column":26},"end":{"line":20,"column":41}},"2":{"start":{"line":21,"column":52},"end":{"line":21,"column":66}},"3":{"start":{"line":22,"column":56},"end":{"line":22,"column":68}},"4":{"start":{"line":23,"column":40},"end":{"line":23,"column":55}},"5":{"start":{"line":24,"column":32},"end":{"line":24,"column":51}},"6":{"start":{"line":27,"column":19},"end":{"line":27,"column":32}},"7":{"start":{"line":28,"column":19},"end":{"line":28,"column":62}},"8":{"start":{"line":28,"column":42},"end":{"line":28,"column":61}},"9":{"start":{"line":29,"column":19},"end":{"line":29,"column":32}},"10":{"start":{"line":31,"column":2},"end":{"line":33,"column":17}},"11":{"start":{"line":32,"column":4},"end":{"line":32,"column":30}},"12":{"start":{"line":36,"column":4},"end":{"line":38,"column":55}},"13":{"start":{"line":38,"column":31},"end":{"line":38,"column":54}},"14":{"start":{"line":40,"column":18},"end":{"line":81,"column":3}},"15":{"start":{"line":47,"column":8},"end":{"line":55,"column":17}},"16":{"start":{"line":51,"column":12},"end":{"line":51,"column":73}},"17":{"start":{"line":66,"column":8},"end":{"line":78,"column":11}},"18":{"start":{"line":70,"column":14},"end":{"line":70,"column":50}},"19":{"start":{"line":71,"column":14},"end":{"line":71,"column":54}},"20":{"start":{"line":72,"column":14},"end":{"line":72,"column":28}},"21":{"start":{"line":83,"column":46},"end":{"line":85,"column":3}},"22":{"start":{"line":84,"column":34},"end":{"line":84,"column":63}},"23":{"start":{"line":87,"column":23},"end":{"line":92,"column":3}},"24":{"start":{"line":88,"column":4},"end":{"line":91,"column":8}},"25":{"start":{"line":88,"column":33},"end":{"line":91,"column":5}},"26":{"start":{"line":94,"column":30},"end":{"line":94,"column":58}},"27":{"start":{"line":94,"column":41},"end":{"line":94,"column":58}},"28":{"start":{"line":95,"column":28},"end":{"line":95,"column":60}},"29":{"start":{"line":95,"column":39},"end":{"line":95,"column":60}},"30":{"start":{"line":97,"column":27},"end":{"line":99,"column":3}},"31":{"start":{"line":98,"column":13},"end":{"line":98,"column":38}},"32":{"start":{"line":101,"column":2},"end":{"line":208,"column":4}},"33":{"start":{"line":122,"column":70},"end":{"line":125,"column":11}},"34":{"start":{"line":133,"column":41},"end":{"line":133,"column":63}},"35":{"start":{"line":141,"column":21},"end":{"line":141,"column":40}},"36":{"start":{"line":143,"column":41},"end":{"line":146,"column":11}},"37":{"start":{"line":167,"column":29},"end":{"line":167,"column":35}},"38":{"start":{"line":180,"column":23},"end":{"line":180,"column":37}},"39":{"start":{"line":192,"column":33},"end":{"line":192,"column":47}},"40":{"start":{"line":197,"column":14},"end":{"line":197,"column":57}},"41":{"start":{"line":198,"column":14},"end":{"line":198,"column":29}}},"fnMap":{"0":{"name":"StudentTable","decl":{"start":{"line":18,"column":24},"end":{"line":18,"column":36}},"loc":{"start":{"line":18,"column":39},"end":{"line":209,"column":1}},"line":18},"1":{"name":"(anonymous_1)","decl":{"start":{"line":28,"column":31},"end":{"line":28,"column":32}},"loc":{"start":{"line":28,"column":42},"end":{"line":28,"column":61}},"line":28},"2":{"name":"(anonymous_2)","decl":{"start":{"line":31,"column":12},"end":{"line":31,"column":13}},"loc":{"start":{"line":31,"column":18},"end":{"line":33,"column":3}},"line":31},"3":{"name":"(anonymous_3)","decl":{"start":{"line":38,"column":24},"end":{"line":38,"column":25}},"loc":{"start":{"line":38,"column":31},"end":{"line":38,"column":54}},"line":38},"4":{"name":"(anonymous_4)","decl":{"start":{"line":46,"column":18},"end":{"line":46,"column":19}},"loc":{"start":{"line":47,"column":8},"end":{"line":55,"column":17}},"line":47},"5":{"name":"(anonymous_5)","decl":{"start":{"line":50,"column":19},"end":{"line":50,"column":20}},"loc":{"start":{"line":51,"column":12},"end":{"line":51,"column":73}},"line":51},"6":{"name":"(anonymous_6)","decl":{"start":{"line":65,"column":18},"end":{"line":65,"column":19}},"loc":{"start":{"line":66,"column":8},"end":{"line":78,"column":11}},"line":66},"7":{"name":"(anonymous_7)","decl":{"start":{"line":69,"column":21},"end":{"line":69,"column":22}},"loc":{"start":{"line":69,"column":27},"end":{"line":73,"column":13}},"line":69},"8":{"name":"(anonymous_8)","decl":{"start":{"line":84,"column":19},"end":{"line":84,"column":20}},"loc":{"start":{"line":84,"column":34},"end":{"line":84,"column":63}},"line":84},"9":{"name":"(anonymous_9)","decl":{"start":{"line":87,"column":23},"end":{"line":87,"column":24}},"loc":{"start":{"line":87,"column":34},"end":{"line":92,"column":3}},"line":87},"10":{"name":"(anonymous_10)","decl":{"start":{"line":88,"column":22},"end":{"line":88,"column":23}},"loc":{"start":{"line":88,"column":33},"end":{"line":91,"column":5}},"line":88},"11":{"name":"(anonymous_11)","decl":{"start":{"line":94,"column":30},"end":{"line":94,"column":31}},"loc":{"start":{"line":94,"column":41},"end":{"line":94,"column":58}},"line":94},"12":{"name":"(anonymous_12)","decl":{"start":{"line":95,"column":28},"end":{"line":95,"column":29}},"loc":{"start":{"line":95,"column":39},"end":{"line":95,"column":60}},"line":95},"13":{"name":"(anonymous_13)","decl":{"start":{"line":98,"column":4},"end":{"line":98,"column":5}},"loc":{"start":{"line":98,"column":13},"end":{"line":98,"column":38}},"line":98},"14":{"name":"(anonymous_14)","decl":{"start":{"line":122,"column":62},"end":{"line":122,"column":63}},"loc":{"start":{"line":122,"column":70},"end":{"line":125,"column":11}},"line":122},"15":{"name":"(anonymous_15)","decl":{"start":{"line":133,"column":33},"end":{"line":133,"column":34}},"loc":{"start":{"line":133,"column":41},"end":{"line":133,"column":63}},"line":133},"16":{"name":"(anonymous_16)","decl":{"start":{"line":141,"column":12},"end":{"line":141,"column":13}},"loc":{"start":{"line":141,"column":21},"end":{"line":141,"column":40}},"line":141},"17":{"name":"(anonymous_17)","decl":{"start":{"line":143,"column":31},"end":{"line":143,"column":32}},"loc":{"start":{"line":143,"column":41},"end":{"line":146,"column":11}},"line":143},"18":{"name":"(anonymous_18)","decl":{"start":{"line":167,"column":20},"end":{"line":167,"column":21}},"loc":{"start":{"line":167,"column":29},"end":{"line":167,"column":35}},"line":167},"19":{"name":"(anonymous_19)","decl":{"start":{"line":180,"column":17},"end":{"line":180,"column":18}},"loc":{"start":{"line":180,"column":23},"end":{"line":180,"column":37}},"line":180},"20":{"name":"(anonymous_20)","decl":{"start":{"line":192,"column":27},"end":{"line":192,"column":28}},"loc":{"start":{"line":192,"column":33},"end":{"line":192,"column":47}},"line":192},"21":{"name":"(anonymous_21)","decl":{"start":{"line":196,"column":21},"end":{"line":196,"column":22}},"loc":{"start":{"line":196,"column":27},"end":{"line":199,"column":13}},"line":196}},"branchMap":{"0":{"loc":{"start":{"line":36,"column":4},"end":{"line":38,"column":55}},"type":"cond-expr","locations":[{"start":{"line":37,"column":8},"end":{"line":37,"column":16}},{"start":{"line":38,"column":8},"end":{"line":38,"column":55}}],"line":36}},"s":{"0":1,"1":1,"2":1,"3":1,"4":1,"5":1,"6":1,"7":1,"8":2,"9":1,"10":1,"11":1,"12":1,"13":0,"14":1,"15":2,"16":0,"17":2,"18":0,"19":0,"20":0,"21":1,"22":4,"23":1,"24":0,"25":0,"26":1,"27":0,"28":1,"29":0,"30":1,"31":4,"32":1,"33":3,"34":4,"35":4,"36":4,"37":2,"38":0,"39":0,"40":0,"41":0},"f":{"0":1,"1":2,"2":1,"3":0,"4":2,"5":0,"6":2,"7":0,"8":4,"9":0,"10":0,"11":0,"12":0,"13":4,"14":3,"15":4,"16":4,"17":4,"18":2,"19":0,"20":0,"21":0},"b":{"0":[1,0]},"_coverageSchema":"1a1c01bbd47fc00a2c39e90264f33305004495a9","hash":"47bbc1496ed38092fd1737f4e9263c736934ae8d"}
,"D:\\React\\Student_Manager\\equinox_page\\Student_Manager_APP\\src\\pages\\EquipmentPage.jsx": {"path":"D:\\React\\Student_Manager\\equinox_page\\Student_Manager_APP\\src\\pages\\EquipmentPage.jsx","statementMap":{"0":{"start":{"line":8,"column":46},"end":{"line":21,"column":4}},"1":{"start":{"line":23,"column":40},"end":{"line":23,"column":52}},"2":{"start":{"line":24,"column":42},"end":{"line":24,"column":54}},"3":{"start":{"line":26,"column":2},"end":{"line":45,"column":4}}},"fnMap":{"0":{"name":"EquipmentPage","decl":{"start":{"line":7,"column":24},"end":{"line":7,"column":37}},"loc":{"start":{"line":7,"column":40},"end":{"line":46,"column":1}},"line":7}},"branchMap":{},"s":{"0":1,"1":1,"2":1,"3":1},"f":{"0":1},"b":{},"_coverageSchema":"1a1c01bbd47fc00a2c39e90264f33305004495a9","hash":"15a7bfda8523a6164cecebffec5e887264010208"}
,"D:\\React\\Student_Manager\\equinox_page\\Student_Manager_APP\\src\\pages\\Login.jsx": {"path":"D:\\React\\Student_Manager\\equinox_page\\Student_Manager_APP\\src\\pages\\Login.jsx","statementMap":{"0":{"start":{"line":8,"column":43},"end":{"line":8,"column":52}},"1":{"start":{"line":9,"column":19},"end":{"line":9,"column":32}},"2":{"start":{"line":11,"column":19},"end":{"line":29,"column":3}},"3":{"start":{"line":12,"column":4},"end":{"line":28,"column":5}},"4":{"start":{"line":13,"column":18},"end":{"line":13,"column":70}},"5":{"start":{"line":14,"column":19},"end":{"line":16,"column":7}},"6":{"start":{"line":15,"column":18},"end":{"line":15,"column":78}},"7":{"start":{"line":17,"column":6},"end":{"line":25,"column":7}},"8":{"start":{"line":18,"column":8},"end":{"line":18,"column":54}},"9":{"start":{"line":19,"column":8},"end":{"line":19,"column":43}},"10":{"start":{"line":20,"column":8},"end":{"line":20,"column":16}},"11":{"start":{"line":21,"column":8},"end":{"line":21,"column":33}},"12":{"start":{"line":23,"column":8},"end":{"line":23,"column":49}},"13":{"start":{"line":24,"column":8},"end":{"line":24,"column":15}},"14":{"start":{"line":27,"column":6},"end":{"line":27,"column":47}},"15":{"start":{"line":31,"column":2},"end":{"line":99,"column":4}},"16":{"start":{"line":62,"column":16},"end":{"line":69,"column":18}},"17":{"start":{"line":81,"column":16},"end":{"line":89,"column":18}}},"fnMap":{"0":{"name":"Login","decl":{"start":{"line":7,"column":24},"end":{"line":7,"column":29}},"loc":{"start":{"line":7,"column":32},"end":{"line":100,"column":1}},"line":7},"1":{"name":"(anonymous_1)","decl":{"start":{"line":11,"column":19},"end":{"line":11,"column":20}},"loc":{"start":{"line":11,"column":35},"end":{"line":29,"column":3}},"line":11},"2":{"name":"(anonymous_2)","decl":{"start":{"line":15,"column":8},"end":{"line":15,"column":9}},"loc":{"start":{"line":15,"column":18},"end":{"line":15,"column":78}},"line":15},"3":{"name":"(anonymous_3)","decl":{"start":{"line":61,"column":22},"end":{"line":61,"column":23}},"loc":{"start":{"line":62,"column":16},"end":{"line":69,"column":18}},"line":62},"4":{"name":"(anonymous_4)","decl":{"start":{"line":80,"column":22},"end":{"line":80,"column":23}},"loc":{"start":{"line":81,"column":16},"end":{"line":89,"column":18}},"line":81}},"branchMap":{"0":{"loc":{"start":{"line":15,"column":18},"end":{"line":15,"column":78}},"type":"binary-expr","locations":[{"start":{"line":15,"column":18},"end":{"line":15,"column":43}},{"start":{"line":15,"column":47},"end":{"line":15,"column":78}}],"line":15},"1":{"loc":{"start":{"line":17,"column":6},"end":{"line":25,"column":7}},"type":"if","locations":[{"start":{"line":17,"column":6},"end":{"line":25,"column":7}},{"start":{"line":22,"column":13},"end":{"line":25,"column":7}}],"line":17}},"s":{"0":9,"1":9,"2":9,"3":2,"4":2,"5":2,"6":1,"7":2,"8":1,"9":1,"10":1,"11":1,"12":1,"13":1,"14":0,"15":9,"16":16,"17":16},"f":{"0":9,"1":2,"2":1,"3":16,"4":16},"b":{"0":[1,1],"1":[1,1]},"_coverageSchema":"1a1c01bbd47fc00a2c39e90264f33305004495a9","hash":"2b81c2b0d73e7bcf4b7fe5c15d0a2e4fefb0b134"}
,"D:\\React\\Student_Manager\\equinox_page\\Student_Manager_APP\\src\\pages\\StudentDetails.jsx": {"path":"D:\\React\\Student_Manager\\equinox_page\\Student_Manager_APP\\src\\pages\\StudentDetails.jsx","statementMap":{"0":{"start":{"line":15,"column":20},"end":{"line":15,"column":33}},"1":{"start":{"line":16,"column":19},"end":{"line":16,"column":32}},"2":{"start":{"line":18,"column":2},"end":{"line":29,"column":3}},"3":{"start":{"line":19,"column":4},"end":{"line":28,"column":6}},"4":{"start":{"line":24,"column":51},"end":{"line":24,"column":75}},"5":{"start":{"line":31,"column":51},"end":{"line":31,"column":56}},"6":{"start":{"line":33,"column":2},"end":{"line":115,"column":4}},"7":{"start":{"line":48,"column":23},"end":{"line":48,"column":47}}},"fnMap":{"0":{"name":"StudentDetails","decl":{"start":{"line":14,"column":24},"end":{"line":14,"column":38}},"loc":{"start":{"line":14,"column":41},"end":{"line":116,"column":1}},"line":14},"1":{"name":"(anonymous_1)","decl":{"start":{"line":24,"column":45},"end":{"line":24,"column":46}},"loc":{"start":{"line":24,"column":51},"end":{"line":24,"column":75}},"line":24},"2":{"name":"(anonymous_2)","decl":{"start":{"line":48,"column":17},"end":{"line":48,"column":18}},"loc":{"start":{"line":48,"column":23},"end":{"line":48,"column":47}},"line":48}},"branchMap":{"0":{"loc":{"start":{"line":18,"column":2},"end":{"line":29,"column":3}},"type":"if","locations":[{"start":{"line":18,"column":2},"end":{"line":29,"column":3}},{"start":{},"end":{}}],"line":18},"1":{"loc":{"start":{"line":70,"column":9},"end":{"line":100,"column":9}},"type":"cond-expr","locations":[{"start":{"line":71,"column":10},"end":{"line":84,"column":12}},{"start":{"line":86,"column":10},"end":{"line":99,"column":12}}],"line":70},"2":{"loc":{"start":{"line":107,"column":11},"end":{"line":111,"column":11}},"type":"binary-expr","locations":[{"start":{"line":107,"column":11},"end":{"line":107,"column":22}},{"start":{"line":108,"column":12},"end":{"line":110,"column":25}}],"line":107},"3":{"loc":{"start":{"line":109,"column":15},"end":{"line":109,"column":78}},"type":"binary-expr","locations":[{"start":{"line":109,"column":15},"end":{"line":109,"column":26}},{"start":{"line":109,"column":30},"end":{"line":109,"column":78}}],"line":109}},"s":{"0":3,"1":3,"2":3,"3":2,"4":1,"5":1,"6":1,"7":0},"f":{"0":3,"1":1,"2":0},"b":{"0":[2,1],"1":[1,0],"2":[1,0],"3":[0,0]},"_coverageSchema":"1a1c01bbd47fc00a2c39e90264f33305004495a9","hash":"93b855a6c7a5ad768ad07a93102264ba7efdcc01"}
,"D:\\React\\Student_Manager\\equinox_page\\Student_Manager_APP\\src\\pages\\StudentPage.jsx": {"path":"D:\\React\\Student_Manager\\equinox_page\\Student_Manager_APP\\src\\pages\\StudentPage.jsx","statementMap":{"0":{"start":{"line":8,"column":2},"end":{"line":15,"column":4}}},"fnMap":{"0":{"name":"StudentPage","decl":{"start":{"line":7,"column":24},"end":{"line":7,"column":35}},"loc":{"start":{"line":7,"column":38},"end":{"line":16,"column":1}},"line":7}},"branchMap":{},"s":{"0":1},"f":{"0":1},"b":{},"_coverageSchema":"1a1c01bbd47fc00a2c39e90264f33305004495a9","hash":"bf33a7adaaa1e76151ad3bf3f071fd68ac02049b"}
,"D:\\React\\Student_Manager\\equinox_page\\Student_Manager_APP\\src\\store\\StudentSlice.jsx": {"path":"D:\\React\\Student_Manager\\equinox_page\\Student_Manager_APP\\src\\store\\StudentSlice.jsx","statementMap":{"0":{"start":{"line":4,"column":29},"end":{"line":7,"column":2}},"1":{"start":{"line":5,"column":14},"end":{"line":5,"column":33}},"2":{"start":{"line":6,"column":2},"end":{"line":6,"column":18}},"3":{"start":{"line":9,"column":26},"end":{"line":12,"column":2}},"4":{"start":{"line":10,"column":14},"end":{"line":10,"column":42}},"5":{"start":{"line":11,"column":2},"end":{"line":11,"column":18}},"6":{"start":{"line":14,"column":29},"end":{"line":17,"column":2}},"7":{"start":{"line":15,"column":2},"end":{"line":15,"column":26}},"8":{"start":{"line":16,"column":2},"end":{"line":16,"column":12}},"9":{"start":{"line":19,"column":30},"end":{"line":22,"column":2}},"10":{"start":{"line":20,"column":14},"end":{"line":20,"column":34}},"11":{"start":{"line":21,"column":2},"end":{"line":21,"column":18}},"12":{"start":{"line":24,"column":35},"end":{"line":30,"column":1}},"13":{"start":{"line":27,"column":16},"end":{"line":27,"column":41}},"14":{"start":{"line":28,"column":4},"end":{"line":28,"column":20}},"15":{"start":{"line":33,"column":21},"end":{"line":59,"column":2}},"16":{"start":{"line":42,"column":4},"end":{"line":57,"column":9}},"17":{"start":{"line":44,"column":8},"end":{"line":44,"column":36}},"18":{"start":{"line":47,"column":8},"end":{"line":47,"column":40}},"19":{"start":{"line":50,"column":8},"end":{"line":50,"column":71}},"20":{"start":{"line":50,"column":46},"end":{"line":50,"column":69}},"21":{"start":{"line":53,"column":8},"end":{"line":53,"column":45}},"22":{"start":{"line":56,"column":8},"end":{"line":56,"column":46}}},"fnMap":{"0":{"name":"(anonymous_0)","decl":{"start":{"line":4,"column":64},"end":{"line":4,"column":65}},"loc":{"start":{"line":4,"column":76},"end":{"line":7,"column":1}},"line":4},"1":{"name":"(anonymous_1)","decl":{"start":{"line":9,"column":59},"end":{"line":9,"column":60}},"loc":{"start":{"line":9,"column":78},"end":{"line":12,"column":1}},"line":9},"2":{"name":"(anonymous_2)","decl":{"start":{"line":14,"column":65},"end":{"line":14,"column":66}},"loc":{"start":{"line":14,"column":79},"end":{"line":17,"column":1}},"line":14},"3":{"name":"(anonymous_3)","decl":{"start":{"line":19,"column":66},"end":{"line":19,"column":67}},"loc":{"start":{"line":19,"column":78},"end":{"line":22,"column":1}},"line":19},"4":{"name":"(anonymous_4)","decl":{"start":{"line":26,"column":2},"end":{"line":26,"column":3}},"loc":{"start":{"line":26,"column":14},"end":{"line":29,"column":3}},"line":26},"5":{"name":"(anonymous_5)","decl":{"start":{"line":41,"column":17},"end":{"line":41,"column":18}},"loc":{"start":{"line":41,"column":30},"end":{"line":58,"column":3}},"line":41},"6":{"name":"(anonymous_6)","decl":{"start":{"line":43,"column":40},"end":{"line":43,"column":41}},"loc":{"start":{"line":43,"column":59},"end":{"line":45,"column":7}},"line":43},"7":{"name":"(anonymous_7)","decl":{"start":{"line":46,"column":37},"end":{"line":46,"column":38}},"loc":{"start":{"line":46,"column":56},"end":{"line":48,"column":7}},"line":46},"8":{"name":"(anonymous_8)","decl":{"start":{"line":49,"column":40},"end":{"line":49,"column":41}},"loc":{"start":{"line":49,"column":59},"end":{"line":51,"column":7}},"line":49},"9":{"name":"(anonymous_9)","decl":{"start":{"line":50,"column":39},"end":{"line":50,"column":40}},"loc":{"start":{"line":50,"column":46},"end":{"line":50,"column":69}},"line":50},"10":{"name":"(anonymous_10)","decl":{"start":{"line":52,"column":41},"end":{"line":52,"column":42}},"loc":{"start":{"line":52,"column":60},"end":{"line":54,"column":7}},"line":52},"11":{"name":"(anonymous_11)","decl":{"start":{"line":55,"column":46},"end":{"line":55,"column":47}},"loc":{"start":{"line":55,"column":65},"end":{"line":57,"column":7}},"line":55}},"branchMap":{},"s":{"0":3,"1":2,"2":1,"3":3,"4":1,"5":1,"6":3,"7":1,"8":1,"9":3,"10":0,"11":0,"12":3,"13":0,"14":0,"15":3,"16":3,"17":1,"18":1,"19":1,"20":2,"21":0,"22":0},"f":{"0":2,"1":1,"2":1,"3":0,"4":0,"5":3,"6":1,"7":1,"8":1,"9":2,"10":0,"11":0},"b":{},"_coverageSchema":"1a1c01bbd47fc00a2c39e90264f33305004495a9","hash":"f05126a98bdfeab4b7fe4bc27d9920bdf62635aa"}
,"D:\\React\\Student_Manager\\equinox_page\\Student_Manager_APP\\src\\store\\store.jsx": {"path":"D:\\React\\Student_Manager\\equinox_page\\Student_Manager_APP\\src\\store\\store.jsx","statementMap":{"0":{"start":{"line":4,"column":21},"end":{"line":8,"column":2}}},"fnMap":{},"branchMap":{},"s":{"0":1},"f":{},"b":{},"_coverageSchema":"1a1c01bbd47fc00a2c39e90264f33305004495a9","hash":"24b9f5de222c0f88d25f423f590943ba357c0ac6"}
}
