{"D:\\React\\Student_Manager\\New_Form\\student_form\\Student_Manager_APP\\src\\api\\StudentAPI.jsx": {"path":"D:\\React\\Student_Manager\\New_Form\\student_form\\Student_Manager_APP\\src\\api\\StudentAPI.jsx","statementMap":{"0":{"start":{"line":3,"column":17},"end":{"line":3,"column":40}},"1":{"start":{"line":5,"column":29},"end":{"line":5,"column":68}},"2":{"start":{"line":5,"column":35},"end":{"line":5,"column":68}},"3":{"start":{"line":6,"column":26},"end":{"line":6,"column":82}},"4":{"start":{"line":6,"column":39},"end":{"line":6,"column":82}},"5":{"start":{"line":7,"column":29},"end":{"line":7,"column":79}},"6":{"start":{"line":7,"column":37},"end":{"line":7,"column":79}}},"fnMap":{"0":{"name":"(anonymous_0)","decl":{"start":{"line":5,"column":29},"end":{"line":5,"column":30}},"loc":{"start":{"line":5,"column":35},"end":{"line":5,"column":68}},"line":5},"1":{"name":"(anonymous_1)","decl":{"start":{"line":6,"column":26},"end":{"line":6,"column":27}},"loc":{"start":{"line":6,"column":39},"end":{"line":6,"column":82}},"line":6},"2":{"name":"(anonymous_2)","decl":{"start":{"line":7,"column":29},"end":{"line":7,"column":30}},"loc":{"start":{"line":7,"column":37},"end":{"line":7,"column":79}},"line":7}},"branchMap":{},"s":{"0":2,"1":2,"2":3,"3":2,"4":0,"5":2,"6":0},"f":{"0":3,"1":0,"2":0},"b":{},"_coverageSchema":"1a1c01bbd47fc00a2c39e90264f33305004495a9","hash":"38d45da00cf7f9b4665b90cbafe2770893dd2258"}
,"D:\\React\\Student_Manager\\New_Form\\student_form\\Student_Manager_APP\\src\\features\\students\\StudentPage.jsx": {"path":"D:\\React\\Student_Manager\\New_Form\\student_form\\Student_Manager_APP\\src\\features\\students\\StudentPage.jsx","statementMap":{"0":{"start":{"line":8,"column":21},"end":{"line":99,"column":3}},"1":{"start":{"line":9,"column":21},"end":{"line":9,"column":34}},"2":{"start":{"line":10,"column":21},"end":{"line":10,"column":59}},"3":{"start":{"line":10,"column":44},"end":{"line":10,"column":58}},"4":{"start":{"line":11,"column":28},"end":{"line":11,"column":70}},"5":{"start":{"line":12,"column":42},"end":{"line":12,"column":57}},"6":{"start":{"line":13,"column":21},"end":{"line":13,"column":34}},"7":{"start":{"line":15,"column":4},"end":{"line":19,"column":29}},"8":{"start":{"line":16,"column":20},"end":{"line":16,"column":49}},"9":{"start":{"line":17,"column":6},"end":{"line":17,"column":32}},"10":{"start":{"line":17,"column":18},"end":{"line":17,"column":32}},"11":{"start":{"line":18,"column":6},"end":{"line":18,"column":30}},"12":{"start":{"line":21,"column":25},"end":{"line":25,"column":5}},"13":{"start":{"line":22,"column":6},"end":{"line":24,"column":7}},"14":{"start":{"line":23,"column":8},"end":{"line":23,"column":36}},"15":{"start":{"line":27,"column":22},"end":{"line":32,"column":5}},"16":{"start":{"line":28,"column":6},"end":{"line":31,"column":7}},"17":{"start":{"line":29,"column":8},"end":{"line":29,"column":38}},"18":{"start":{"line":30,"column":8},"end":{"line":30,"column":50}},"19":{"start":{"line":34,"column":29},"end":{"line":36,"column":55}},"20":{"start":{"line":36,"column":31},"end":{"line":36,"column":54}},"21":{"start":{"line":38,"column":20},"end":{"line":48,"column":5}},"22":{"start":{"line":45,"column":10},"end":{"line":45,"column":87}},"23":{"start":{"line":45,"column":47},"end":{"line":45,"column":70}},"24":{"start":{"line":50,"column":4},"end":{"line":98,"column":6}},"25":{"start":{"line":59,"column":29},"end":{"line":59,"column":71}},"26":{"start":{"line":65,"column":29},"end":{"line":65,"column":70}},"27":{"start":{"line":71,"column":29},"end":{"line":71,"column":72}},"28":{"start":{"line":85,"column":27},"end":{"line":85,"column":57}}},"fnMap":{"0":{"name":"(anonymous_0)","decl":{"start":{"line":8,"column":21},"end":{"line":8,"column":22}},"loc":{"start":{"line":8,"column":27},"end":{"line":99,"column":3}},"line":8},"1":{"name":"(anonymous_1)","decl":{"start":{"line":10,"column":33},"end":{"line":10,"column":34}},"loc":{"start":{"line":10,"column":44},"end":{"line":10,"column":58}},"line":10},"2":{"name":"(anonymous_2)","decl":{"start":{"line":15,"column":14},"end":{"line":15,"column":15}},"loc":{"start":{"line":15,"column":20},"end":{"line":19,"column":5}},"line":15},"3":{"name":"(anonymous_3)","decl":{"start":{"line":21,"column":25},"end":{"line":21,"column":26}},"loc":{"start":{"line":21,"column":33},"end":{"line":25,"column":5}},"line":21},"4":{"name":"(anonymous_4)","decl":{"start":{"line":27,"column":22},"end":{"line":27,"column":23}},"loc":{"start":{"line":27,"column":28},"end":{"line":32,"column":5}},"line":27},"5":{"name":"(anonymous_5)","decl":{"start":{"line":36,"column":24},"end":{"line":36,"column":25}},"loc":{"start":{"line":36,"column":31},"end":{"line":36,"column":54}},"line":36},"6":{"name":"(anonymous_6)","decl":{"start":{"line":44,"column":73},"end":{"line":44,"column":74}},"loc":{"start":{"line":45,"column":10},"end":{"line":45,"column":87}},"line":45},"7":{"name":"(anonymous_7)","decl":{"start":{"line":45,"column":41},"end":{"line":45,"column":42}},"loc":{"start":{"line":45,"column":47},"end":{"line":45,"column":70}},"line":45},"8":{"name":"(anonymous_8)","decl":{"start":{"line":59,"column":22},"end":{"line":59,"column":23}},"loc":{"start":{"line":59,"column":29},"end":{"line":59,"column":71}},"line":59},"9":{"name":"(anonymous_9)","decl":{"start":{"line":65,"column":22},"end":{"line":65,"column":23}},"loc":{"start":{"line":65,"column":29},"end":{"line":65,"column":70}},"line":65},"10":{"name":"(anonymous_10)","decl":{"start":{"line":71,"column":22},"end":{"line":71,"column":23}},"loc":{"start":{"line":71,"column":29},"end":{"line":71,"column":72}},"line":71},"11":{"name":"(anonymous_11)","decl":{"start":{"line":85,"column":20},"end":{"line":85,"column":21}},"loc":{"start":{"line":85,"column":27},"end":{"line":85,"column":57}},"line":85}},"branchMap":{"0":{"loc":{"start":{"line":17,"column":6},"end":{"line":17,"column":32}},"type":"if","locations":[{"start":{"line":17,"column":6},"end":{"line":17,"column":32}},{"start":{},"end":{}}],"line":17},"1":{"loc":{"start":{"line":22,"column":6},"end":{"line":24,"column":7}},"type":"if","locations":[{"start":{"line":22,"column":6},"end":{"line":24,"column":7}},{"start":{},"end":{}}],"line":22},"2":{"loc":{"start":{"line":28,"column":6},"end":{"line":31,"column":7}},"type":"if","locations":[{"start":{"line":28,"column":6},"end":{"line":31,"column":7}},{"start":{},"end":{}}],"line":28},"3":{"loc":{"start":{"line":34,"column":29},"end":{"line":36,"column":55}},"type":"cond-expr","locations":[{"start":{"line":35,"column":8},"end":{"line":35,"column":16}},{"start":{"line":36,"column":8},"end":{"line":36,"column":55}}],"line":34}},"s":{"0":1,"1":10,"2":10,"3":13,"4":10,"5":10,"6":10,"7":10,"8":3,"9":3,"10":3,"11":3,"12":10,"13":1,"14":1,"15":10,"16":1,"17":1,"18":1,"19":10,"20":0,"21":10,"22":8,"23":1,"24":10,"25":1,"26":1,"27":1,"28":0},"f":{"0":10,"1":13,"2":3,"3":1,"4":1,"5":0,"6":8,"7":1,"8":1,"9":1,"10":1,"11":0},"b":{"0":[3,0],"1":[1,0],"2":[1,0],"3":[10,0]},"_coverageSchema":"1a1c01bbd47fc00a2c39e90264f33305004495a9","hash":"c7fb5d0d6f299e2b7851793bcef86323d236dadc"}
,"D:\\React\\Student_Manager\\New_Form\\student_form\\Student_Manager_APP\\src\\features\\students\\StudentsSlice.jsx": {"path":"D:\\React\\Student_Manager\\New_Form\\student_form\\Student_Manager_APP\\src\\features\\students\\StudentsSlice.jsx","statementMap":{"0":{"start":{"line":5,"column":27},"end":{"line":8,"column":2}},"1":{"start":{"line":6,"column":19},"end":{"line":6,"column":40}},"2":{"start":{"line":7,"column":2},"end":{"line":7,"column":23}},"3":{"start":{"line":10,"column":29},"end":{"line":13,"column":2}},"4":{"start":{"line":11,"column":19},"end":{"line":11,"column":44}},"5":{"start":{"line":12,"column":2},"end":{"line":12,"column":23}},"6":{"start":{"line":15,"column":29},"end":{"line":18,"column":2}},"7":{"start":{"line":16,"column":2},"end":{"line":16,"column":26}},"8":{"start":{"line":17,"column":2},"end":{"line":17,"column":12}},"9":{"start":{"line":20,"column":21},"end":{"line":34,"column":2}},"10":{"start":{"line":25,"column":4},"end":{"line":32,"column":9}},"11":{"start":{"line":26,"column":53},"end":{"line":26,"column":67}},"12":{"start":{"line":28,"column":8},"end":{"line":28,"column":35}},"13":{"start":{"line":31,"column":8},"end":{"line":31,"column":60}},"14":{"start":{"line":31,"column":35},"end":{"line":31,"column":58}}},"fnMap":{"0":{"name":"(anonymous_0)","decl":{"start":{"line":5,"column":68},"end":{"line":5,"column":69}},"loc":{"start":{"line":5,"column":80},"end":{"line":8,"column":1}},"line":5},"1":{"name":"(anonymous_1)","decl":{"start":{"line":10,"column":72},"end":{"line":10,"column":73}},"loc":{"start":{"line":10,"column":91},"end":{"line":13,"column":1}},"line":10},"2":{"name":"(anonymous_2)","decl":{"start":{"line":15,"column":72},"end":{"line":15,"column":73}},"loc":{"start":{"line":15,"column":86},"end":{"line":18,"column":1}},"line":15},"3":{"name":"(anonymous_3)","decl":{"start":{"line":24,"column":17},"end":{"line":24,"column":18}},"loc":{"start":{"line":24,"column":30},"end":{"line":33,"column":3}},"line":24},"4":{"name":"(anonymous_4)","decl":{"start":{"line":26,"column":38},"end":{"line":26,"column":39}},"loc":{"start":{"line":26,"column":53},"end":{"line":26,"column":67}},"line":26},"5":{"name":"(anonymous_5)","decl":{"start":{"line":27,"column":40},"end":{"line":27,"column":41}},"loc":{"start":{"line":27,"column":59},"end":{"line":29,"column":7}},"line":27},"6":{"name":"(anonymous_6)","decl":{"start":{"line":30,"column":40},"end":{"line":30,"column":41}},"loc":{"start":{"line":30,"column":59},"end":{"line":32,"column":7}},"line":30},"7":{"name":"(anonymous_7)","decl":{"start":{"line":31,"column":28},"end":{"line":31,"column":29}},"loc":{"start":{"line":31,"column":35},"end":{"line":31,"column":58}},"line":31}},"branchMap":{},"s":{"0":2,"1":4,"2":1,"3":2,"4":1,"5":1,"6":2,"7":1,"8":1,"9":2,"10":2,"11":1,"12":1,"13":1,"14":2},"f":{"0":4,"1":1,"2":1,"3":2,"4":1,"5":1,"6":1,"7":2},"b":{},"_coverageSchema":"1a1c01bbd47fc00a2c39e90264f33305004495a9","hash":"d31edc4ce395334f8bb89b0505d087657cd9b209"}
,"D:\\React\\Student_Manager\\New_Form\\student_form\\Student_Manager_APP\\src\\pages\\LoginPage.jsx": {"path":"D:\\React\\Student_Manager\\New_Form\\student_form\\Student_Manager_APP\\src\\pages\\LoginPage.jsx","statementMap":{"0":{"start":{"line":7,"column":18},"end":{"line":35,"column":1}},"1":{"start":{"line":8,"column":26},"end":{"line":8,"column":66}},"2":{"start":{"line":9,"column":28},"end":{"line":9,"column":40}},"3":{"start":{"line":10,"column":19},"end":{"line":10,"column":32}},"4":{"start":{"line":12,"column":23},"end":{"line":14,"column":3}},"5":{"start":{"line":13,"column":4},"end":{"line":13,"column":58}},"6":{"start":{"line":16,"column":22},"end":{"line":24,"column":3}},"7":{"start":{"line":17,"column":18},"end":{"line":17,"column":67}},"8":{"start":{"line":18,"column":4},"end":{"line":23,"column":5}},"9":{"start":{"line":19,"column":6},"end":{"line":19,"column":43}},"10":{"start":{"line":20,"column":6},"end":{"line":20,"column":28}},"11":{"start":{"line":22,"column":6},"end":{"line":22,"column":38}},"12":{"start":{"line":26,"column":2},"end":{"line":34,"column":4}}},"fnMap":{"0":{"name":"(anonymous_0)","decl":{"start":{"line":7,"column":18},"end":{"line":7,"column":19}},"loc":{"start":{"line":7,"column":24},"end":{"line":35,"column":1}},"line":7},"1":{"name":"(anonymous_1)","decl":{"start":{"line":12,"column":23},"end":{"line":12,"column":24}},"loc":{"start":{"line":12,"column":30},"end":{"line":14,"column":3}},"line":12},"2":{"name":"(anonymous_2)","decl":{"start":{"line":16,"column":22},"end":{"line":16,"column":23}},"loc":{"start":{"line":16,"column":28},"end":{"line":24,"column":3}},"line":16}},"branchMap":{"0":{"loc":{"start":{"line":18,"column":4},"end":{"line":23,"column":5}},"type":"if","locations":[{"start":{"line":18,"column":4},"end":{"line":23,"column":5}},{"start":{"line":21,"column":11},"end":{"line":23,"column":5}}],"line":18},"1":{"loc":{"start":{"line":31,"column":7},"end":{"line":31,"column":62}},"type":"binary-expr","locations":[{"start":{"line":31,"column":7},"end":{"line":31,"column":12}},{"start":{"line":31,"column":16},"end":{"line":31,"column":62}}],"line":31}},"s":{"0":1,"1":8,"2":8,"3":8,"4":8,"5":4,"6":8,"7":2,"8":2,"9":1,"10":1,"11":1,"12":8},"f":{"0":8,"1":4,"2":2},"b":{"0":[1,1],"1":[8,1]},"_coverageSchema":"1a1c01bbd47fc00a2c39e90264f33305004495a9","hash":"f4710c4bcd71842625ee26e4df25f99b2b044b9b"}
,"D:\\React\\Student_Manager\\New_Form\\student_form\\Student_Manager_APP\\src\\routes\\Route.jsx": {"path":"D:\\React\\Student_Manager\\New_Form\\student_form\\Student_Manager_APP\\src\\routes\\Route.jsx","statementMap":{"0":{"start":{"line":8,"column":18},"end":{"line":14,"column":3}},"1":{"start":{"line":9,"column":19},"end":{"line":12,"column":6}},"2":{"start":{"line":13,"column":4},"end":{"line":13,"column":18}}},"fnMap":{"0":{"name":"(anonymous_0)","decl":{"start":{"line":8,"column":18},"end":{"line":8,"column":19}},"loc":{"start":{"line":8,"column":24},"end":{"line":14,"column":3}},"line":8}},"branchMap":{},"s":{"0":1,"1":3,"2":3},"f":{"0":3},"b":{},"_coverageSchema":"1a1c01bbd47fc00a2c39e90264f33305004495a9","hash":"6d2b969c38f1802547df96edcff3fb76a93e2426"}
}
