TN:
SF:src\api\StudentAPI.jsx
FN:5,(anonymous_0)
FN:6,(anonymous_1)
FN:7,(anonymous_2)
FNF:3
FNH:1
FNDA:3,(anonymous_0)
FNDA:0,(anonymous_1)
FNDA:0,(anonymous_2)
DA:3,2
DA:5,3
DA:6,2
DA:7,2
LF:4
LH:4
BRF:0
BRH:0
end_of_record
TN:
SF:src\features\students\StudentPage.jsx
FN:8,(anonymous_0)
FN:10,(anonymous_1)
FN:15,(anonymous_2)
FN:21,(anonymous_3)
FN:27,(anonymous_4)
FN:36,(anonymous_5)
FN:44,(anonymous_6)
FN:45,(anonymous_7)
FN:59,(anonymous_8)
FN:65,(anonymous_9)
FN:71,(anonymous_10)
FN:85,(anonymous_11)
FNF:12
FNH:10
FNDA:10,(anonymous_0)
FNDA:13,(anonymous_1)
FNDA:3,(anonymous_2)
FNDA:1,(anonymous_3)
FNDA:1,(anonymous_4)
FNDA:0,(anonymous_5)
FNDA:8,(anonymous_6)
FNDA:1,(anonymous_7)
FNDA:1,(anonymous_8)
FNDA:1,(anonymous_9)
FNDA:1,(anonymous_10)
FNDA:0,(anonymous_11)
DA:8,1
DA:9,10
DA:10,13
DA:11,10
DA:12,10
DA:13,10
DA:15,10
DA:16,3
DA:17,3
DA:18,3
DA:21,10
DA:22,1
DA:23,1
DA:27,10
DA:28,1
DA:29,1
DA:30,1
DA:34,10
DA:36,0
DA:38,10
DA:45,8
DA:50,10
DA:59,1
DA:65,1
DA:71,1
DA:85,0
LF:26
LH:24
BRDA:17,0,0,3
BRDA:17,0,1,0
BRDA:22,1,0,1
BRDA:22,1,1,0
BRDA:28,2,0,1
BRDA:28,2,1,0
BRDA:34,3,0,10
BRDA:34,3,1,0
BRF:8
BRH:4
end_of_record
TN:
SF:src\features\students\StudentsSlice.jsx
FN:5,(anonymous_0)
FN:10,(anonymous_1)
FN:15,(anonymous_2)
FN:24,(anonymous_3)
FN:26,(anonymous_4)
FN:27,(anonymous_5)
FN:30,(anonymous_6)
FN:31,(anonymous_7)
FNF:8
FNH:8
FNDA:4,(anonymous_0)
FNDA:1,(anonymous_1)
FNDA:1,(anonymous_2)
FNDA:2,(anonymous_3)
FNDA:1,(anonymous_4)
FNDA:1,(anonymous_5)
FNDA:1,(anonymous_6)
FNDA:2,(anonymous_7)
DA:5,2
DA:6,4
DA:7,1
DA:10,2
DA:11,1
DA:12,1
DA:15,2
DA:16,1
DA:17,1
DA:20,2
DA:25,2
DA:26,1
DA:28,1
DA:31,2
LF:14
LH:14
BRF:0
BRH:0
end_of_record
TN:
SF:src\pages\LoginPage.jsx
FN:7,(anonymous_0)
FN:12,(anonymous_1)
FN:16,(anonymous_2)
FNF:3
FNH:3
FNDA:8,(anonymous_0)
FNDA:4,(anonymous_1)
FNDA:2,(anonymous_2)
DA:7,1
DA:8,8
DA:9,8
DA:10,8
DA:12,8
DA:13,4
DA:16,8
DA:17,2
DA:18,2
DA:19,1
DA:20,1
DA:22,1
DA:26,8
LF:13
LH:13
BRDA:18,0,0,1
BRDA:18,0,1,1
BRDA:31,1,0,8
BRDA:31,1,1,1
BRF:4
BRH:4
end_of_record
TN:
SF:src\routes\Route.jsx
FN:8,(anonymous_0)
FNF:1
FNH:1
FNDA:3,(anonymous_0)
DA:8,1
DA:9,3
DA:13,3
LF:3
LH:3
BRF:0
BRH:0
end_of_record
