TN:
SF:src\App.js
FN:13,App
FN:17,(anonymous_1)
FN:51,(anonymous_2)
FN:52,(anonymous_3)
FNF:4
FNH:2
FNDA:2,App
FNDA:2,(anonymous_1)
FNDA:0,(anonymous_2)
FNDA:0,(anonymous_3)
DA:14,2
DA:16,2
DA:18,2
DA:51,2
DA:52,0
DA:55,2
LF:6
LH:5
BRDA:21,0,0,0
BRDA:21,0,1,2
BRDA:52,1,0,0
BRDA:52,1,1,0
BRF:4
BRH:1
end_of_record
TN:
SF:src\babel.config.js
FNF:0
FNH:0
DA:1,0
LF:1
LH:0
BRF:0
BRH:0
end_of_record
TN:
SF:src\index.js
FNF:0
FNH:0
DA:8,0
DA:19,0
LF:2
LH:0
BRF:0
BRH:0
end_of_record
TN:
SF:src\jest.config.js
FNF:0
FNH:0
DA:1,0
LF:1
LH:0
BRF:0
BRH:0
end_of_record
TN:
SF:src\jest.setup.js
FNF:0
FNH:0
DA:2,0
DA:4,0
DA:5,0
LF:3
LH:0
BRF:0
BRH:0
end_of_record
TN:
SF:src\api\StudentAPI.jsx
FN:3,(anonymous_0)
FN:4,(anonymous_1)
FN:5,(anonymous_2)
FNF:3
FNH:1
FNDA:1,(anonymous_0)
FNDA:0,(anonymous_1)
FNDA:0,(anonymous_2)
DA:2,3
DA:3,3
DA:4,3
DA:5,3
LF:4
LH:4
BRF:0
BRH:0
end_of_record
TN:
SF:src\components\Layout.jsx
FN:5,Layout
FNF:1
FNH:1
FNDA:1,Layout
DA:6,1
LF:1
LH:1
BRF:0
BRH:0
end_of_record
TN:
SF:src\components\Navbar.jsx
FN:8,Navbar
FN:11,(anonymous_1)
FNF:2
FNH:2
FNDA:3,Navbar
FNDA:1,(anonymous_1)
DA:9,3
DA:11,3
DA:12,1
DA:13,1
DA:14,1
DA:17,3
LF:6
LH:6
BRDA:51,0,0,2
BRDA:51,0,1,1
BRDA:55,1,0,2
BRDA:55,1,1,1
BRF:4
BRH:4
end_of_record
TN:
SF:src\components\PrivateRoute.jsx
FN:4,PrivateRoute
FNF:1
FNH:1
FNDA:2,PrivateRoute
DA:5,2
DA:6,2
LF:2
LH:2
BRDA:6,0,0,1
BRDA:6,0,1,1
BRF:2
BRH:2
end_of_record
TN:
SF:src\features\students\GradeFilter.jsx
FN:5,GradeFilter
FN:32,(anonymous_1)
FNF:2
FNH:2
FNDA:2,GradeFilter
FNDA:1,(anonymous_1)
DA:6,2
DA:8,2
DA:32,1
LF:3
LH:3
BRF:0
BRH:0
end_of_record
TN:
SF:src\features\students\StudentForm.jsx
FN:19,StudentForm
FN:29,(anonymous_1)
FN:64,(anonymous_2)
FN:78,(anonymous_3)
FN:93,(anonymous_4)
FN:98,(anonymous_5)
FNF:6
FNH:6
FNDA:7,StudentForm
FNDA:1,(anonymous_1)
FNDA:11,(anonymous_2)
FNDA:11,(anonymous_3)
FNDA:11,(anonymous_4)
FNDA:33,(anonymous_5)
DA:17,1
DA:20,7
DA:21,7
DA:29,7
DA:30,1
DA:31,1
DA:32,1
DA:35,7
DA:65,11
DA:79,11
DA:94,11
DA:99,33
LF:12
LH:12
BRDA:104,0,0,11
BRDA:104,0,1,2
BRF:2
BRH:2
end_of_record
TN:
SF:src\features\students\StudentTable.jsx
FN:16,StudentTable
FN:21,(anonymous_1)
FN:23,(anonymous_2)
FN:30,(anonymous_3)
FN:38,(anonymous_4)
FN:42,(anonymous_5)
FN:57,(anonymous_6)
FN:61,(anonymous_7)
FN:88,(anonymous_8)
FN:100,(anonymous_9)
FN:112,(anonymous_10)
FN:116,(anonymous_11)
FNF:12
FNH:7
FNDA:1,StudentTable
FNDA:2,(anonymous_1)
FNDA:1,(anonymous_2)
FNDA:2,(anonymous_3)
FNDA:2,(anonymous_4)
FNDA:0,(anonymous_5)
FNDA:2,(anonymous_6)
FNDA:0,(anonymous_7)
FNDA:2,(anonymous_8)
FNDA:0,(anonymous_9)
FNDA:0,(anonymous_10)
FNDA:0,(anonymous_11)
DA:17,1
DA:18,1
DA:19,1
DA:20,1
DA:21,2
DA:22,1
DA:23,1
DA:24,1
DA:28,1
DA:30,2
DA:32,1
DA:39,2
DA:43,0
DA:58,2
DA:62,0
DA:63,0
DA:64,0
DA:75,1
DA:88,2
DA:100,0
DA:112,0
DA:117,0
DA:118,0
LF:23
LH:15
BRDA:28,0,0,0
BRDA:28,0,1,1
BRF:2
BRH:1
end_of_record
TN:
SF:src\pages\Login.jsx
FN:7,Login
FN:11,(anonymous_1)
FN:15,(anonymous_2)
FN:61,(anonymous_3)
FN:80,(anonymous_4)
FNF:5
FNH:5
FNDA:9,Login
FNDA:2,(anonymous_1)
FNDA:1,(anonymous_2)
FNDA:16,(anonymous_3)
FNDA:16,(anonymous_4)
DA:8,9
DA:9,9
DA:11,9
DA:12,2
DA:13,2
DA:14,2
DA:15,1
DA:17,2
DA:18,1
DA:19,1
DA:20,1
DA:21,1
DA:23,1
DA:24,1
DA:27,0
DA:31,9
DA:62,16
DA:81,16
LF:18
LH:17
BRDA:15,0,0,1
BRDA:15,0,1,1
BRDA:17,1,0,1
BRDA:17,1,1,1
BRF:4
BRH:4
end_of_record
TN:
SF:src\pages\StudentDetails.jsx
FN:14,StudentDetails
FN:24,(anonymous_1)
FN:48,(anonymous_2)
FNF:3
FNH:2
FNDA:3,StudentDetails
FNDA:1,(anonymous_1)
FNDA:0,(anonymous_2)
DA:15,3
DA:16,3
DA:18,3
DA:19,2
DA:24,1
DA:31,1
DA:33,1
DA:48,0
LF:8
LH:7
BRDA:18,0,0,2
BRDA:18,0,1,1
BRDA:70,1,0,1
BRDA:70,1,1,0
BRDA:107,2,0,1
BRDA:107,2,1,0
BRDA:109,3,0,0
BRDA:109,3,1,0
BRF:8
BRH:4
end_of_record
TN:
SF:src\pages\StudentPage.jsx
FN:7,StudentPage
FNF:1
FNH:1
FNDA:1,StudentPage
DA:8,1
LF:1
LH:1
BRF:0
BRH:0
end_of_record
TN:
SF:src\store\StudentSlice.jsx
FN:4,(anonymous_0)
FN:9,(anonymous_1)
FN:14,(anonymous_2)
FN:25,(anonymous_3)
FN:27,(anonymous_4)
FN:30,(anonymous_5)
FN:33,(anonymous_6)
FN:34,(anonymous_7)
FNF:8
FNH:8
FNDA:2,(anonymous_0)
FNDA:1,(anonymous_1)
FNDA:1,(anonymous_2)
FNDA:3,(anonymous_3)
FNDA:1,(anonymous_4)
FNDA:1,(anonymous_5)
FNDA:1,(anonymous_6)
FNDA:2,(anonymous_7)
DA:4,3
DA:5,2
DA:6,1
DA:9,3
DA:10,1
DA:11,1
DA:14,3
DA:15,1
DA:16,1
DA:19,3
DA:26,3
DA:28,1
DA:31,1
DA:34,2
LF:14
LH:14
BRF:0
BRH:0
end_of_record
TN:
SF:src\store\store.jsx
FNF:0
FNH:0
DA:4,1
LF:1
LH:1
BRF:0
BRH:0
end_of_record
